<?xml version="1.0" encoding="UTF-8"?>
<robot generator="Robot 7.1.1 (Python 3.11.3 on win32)" generated="2025-01-07T12:08:49.250498" rpa="false" schemaversion="5">
<suite id="s1" name="E2ETestCase" source="C:\Users\Deepak\Desktop\RobotFramework-BDD-Behave\TestCase\E2ETestCase.robot">
<kw name="Suite Initialization" type="SETUP">
<kw name="Initialization HomePage Variables" owner="homePage">
<kw name="Read Env File" owner="READ">
<msg time="2025-01-07T12:08:49.708370" level="INFO">${env} = &lt;configparser.ConfigParser object at 0x000002187EDA4ED0&gt;</msg>
<var>${env}</var>
<arg>${ENV_FILE}</arg>
<status status="PASS" start="2025-01-07T12:08:49.706370" elapsed="0.002000"/>
</kw>
<kw name="Set Suite Variable" owner="BuiltIn">
<msg time="2025-01-07T12:08:49.710460" level="INFO">${env} = &lt;configparser.ConfigParser object at 0x000002187EDA4ED0&gt;</msg>
<arg>${env}</arg>
<arg>${env}</arg>
<doc>Makes a variable available everywhere within the scope of the current suite.</doc>
<status status="PASS" start="2025-01-07T12:08:49.709930" elapsed="0.000530"/>
</kw>
<kw name="Read Yaml File" owner="READ">
<msg time="2025-01-07T12:08:49.714771" level="INFO">${HomePage} = {'Navigation_bar': {'Home_lnk': "//a[normalize-space()='Home']", 'Products_lnk': "//a[@href='/products']", 'Cart_lnk': "//a[normalize-space()='Cart']", 'SignUp_Login_lnk': "(//a[normalize-space()='Sig...</msg>
<var>${HomePage}</var>
<arg>${COMMON_YAML_FILE}</arg>
<status status="PASS" start="2025-01-07T12:08:49.712054" elapsed="0.002717"/>
</kw>
<kw name="Set Suite Variable" owner="BuiltIn">
<msg time="2025-01-07T12:08:49.716374" level="INFO">${HomePage} = {'Navigation_bar': {'Home_lnk': "//a[normalize-space()='Home']", 'Products_lnk': "//a[@href='/products']", 'Cart_lnk': "//a[normalize-space()='Cart']", 'SignUp_Login_lnk': "(//a[normalize-space()='Sig...</msg>
<arg>${HomePage}</arg>
<arg>${HomePage}</arg>
<doc>Makes a variable available everywhere within the scope of the current suite.</doc>
<status status="PASS" start="2025-01-07T12:08:49.715809" elapsed="0.000565"/>
</kw>
<status status="PASS" start="2025-01-07T12:08:49.705390" elapsed="0.012758"/>
</kw>
<kw name="Initialization LoginPage Variables" owner="loginPage">
<kw name="Read Env File" owner="READ">
<msg time="2025-01-07T12:08:49.721007" level="INFO">${env} = &lt;configparser.ConfigParser object at 0x000002187EDB80D0&gt;</msg>
<var>${env}</var>
<arg>${ENV_FILE}</arg>
<status status="PASS" start="2025-01-07T12:08:49.719817" elapsed="0.001190"/>
</kw>
<kw name="Set Suite Variable" owner="BuiltIn">
<msg time="2025-01-07T12:08:49.723326" level="INFO">${env} = &lt;configparser.ConfigParser object at 0x000002187EDB80D0&gt;</msg>
<arg>${env}</arg>
<arg>${env}</arg>
<doc>Makes a variable available everywhere within the scope of the current suite.</doc>
<status status="PASS" start="2025-01-07T12:08:49.722656" elapsed="0.000670"/>
</kw>
<kw name="Read Yaml File" owner="READ">
<msg time="2025-01-07T12:08:49.727998" level="INFO">${LoginPage} = {'New_User_Signup': {'Name_txtbx': "//input[@placeholder='Name']", 'Eamil_Address_txtbx': "//input[@data-qa='signup-email']", 'SignUp_btn': "//button[normalize-space()='Signup']"}, 'Login_to_your_acco...</msg>
<var>${LoginPage}</var>
<arg>${LOGIN_YAML_FILE}</arg>
<status status="PASS" start="2025-01-07T12:08:49.725061" elapsed="0.002937"/>
</kw>
<kw name="Set Suite Variable" owner="BuiltIn">
<msg time="2025-01-07T12:08:49.730184" level="INFO">${LoginPage} = {'New_User_Signup': {'Name_txtbx': "//input[@placeholder='Name']", 'Eamil_Address_txtbx': "//input[@data-qa='signup-email']", 'SignUp_btn': "//button[normalize-space()='Signup']"}, 'Login_to_your_acco...</msg>
<arg>${LoginPage}</arg>
<arg>${LoginPage}</arg>
<doc>Makes a variable available everywhere within the scope of the current suite.</doc>
<status status="PASS" start="2025-01-07T12:08:49.729646" elapsed="0.000538"/>
</kw>
<status status="PASS" start="2025-01-07T12:08:49.719256" elapsed="0.012138"/>
</kw>
<kw name="Initialization SignUpPage Variables" owner="signupPage">
<kw name="Read Env File" owner="READ">
<msg time="2025-01-07T12:08:49.733490" level="INFO">${env} = &lt;configparser.ConfigParser object at 0x000002187EDBA450&gt;</msg>
<var>${env}</var>
<arg>${ENV_FILE}</arg>
<status status="PASS" start="2025-01-07T12:08:49.732450" elapsed="0.001040"/>
</kw>
<kw name="Set Suite Variable" owner="BuiltIn">
<msg time="2025-01-07T12:08:49.735275" level="INFO">${env} = &lt;configparser.ConfigParser object at 0x000002187EDBA450&gt;</msg>
<arg>${env}</arg>
<arg>${env}</arg>
<doc>Makes a variable available everywhere within the scope of the current suite.</doc>
<status status="PASS" start="2025-01-07T12:08:49.735275" elapsed="0.000000"/>
</kw>
<kw name="Read Yaml File" owner="READ">
<msg time="2025-01-07T12:08:49.741461" level="INFO">${SignupPage} = {'Account_Information': {'Heading_txt': "//b[normalize-space()='Enter Account Information']", 'radio': {'Mr': "(//input[@name='title'])[1]", 'Mrs': "(//input[@name='title'])[2]"}, 'Name_txtbx': "//inp...</msg>
<var>${SignupPage}</var>
<arg>${SIGNUP_YAML_FILE}</arg>
<status status="PASS" start="2025-01-07T12:08:49.737129" elapsed="0.004332"/>
</kw>
<kw name="Set Suite Variable" owner="BuiltIn">
<msg time="2025-01-07T12:08:49.743558" level="INFO">${SignupPage} = {'Account_Information': {'Heading_txt': "//b[normalize-space()='Enter Account Information']", 'radio': {'Mr': "(//input[@name='title'])[1]", 'Mrs': "(//input[@name='title'])[2]"}, 'Name_txtbx': "//inp...</msg>
<arg>${SignupPage}</arg>
<arg>${SignupPage}</arg>
<doc>Makes a variable available everywhere within the scope of the current suite.</doc>
<status status="PASS" start="2025-01-07T12:08:49.743035" elapsed="0.000523"/>
</kw>
<status status="PASS" start="2025-01-07T12:08:49.731927" elapsed="0.012668"/>
</kw>
<kw name="Initialization AccountCreatedPage Variables" owner="accountCreatedPage">
<kw name="Read Yaml File" owner="READ">
<msg time="2025-01-07T12:08:49.747383" level="INFO">${AccountCreatedPage} = {'AccountCreated_txt': "//b[normalize-space()='Account Created!']", 'Continue_btn': "//a[normalize-space()='Continue']"}</msg>
<var>${AccountCreatedPage}</var>
<arg>${ACCOUNTCREATED_YAML_FILE}</arg>
<status status="PASS" start="2025-01-07T12:08:49.745777" elapsed="0.001606"/>
</kw>
<kw name="Set Suite Variable" owner="BuiltIn">
<msg time="2025-01-07T12:08:49.749647" level="INFO">${AccountCreatedPage} = {'AccountCreated_txt': "//b[normalize-space()='Account Created!']", 'Continue_btn': "//a[normalize-space()='Continue']"}</msg>
<arg>${AccountCreatedPage}</arg>
<arg>${AccountCreatedPage}</arg>
<doc>Makes a variable available everywhere within the scope of the current suite.</doc>
<status status="PASS" start="2025-01-07T12:08:49.749121" elapsed="0.000526"/>
</kw>
<status status="PASS" start="2025-01-07T12:08:49.745238" elapsed="0.006067"/>
</kw>
<kw name="Initialization DeleteAccountPage Variables" owner="deleteAccountPage">
<kw name="Read Yaml File" owner="READ">
<msg time="2025-01-07T12:08:49.753378" level="INFO">${DeleteAccountPage} = {'AccountDeleted_txt': "//b[normalize-space()='Account Deleted!']", 'Continue_btn': "//a[normalize-space()='Continue']"}</msg>
<var>${DeleteAccountPage}</var>
<arg>${DELETEACCOUNT_YAML_FILE}</arg>
<status status="PASS" start="2025-01-07T12:08:49.752346" elapsed="0.001032"/>
</kw>
<kw name="Set Suite Variable" owner="BuiltIn">
<msg time="2025-01-07T12:08:49.755056" level="INFO">${DeleteAccountPage} = {'AccountDeleted_txt': "//b[normalize-space()='Account Deleted!']", 'Continue_btn': "//a[normalize-space()='Continue']"}</msg>
<arg>${DeleteAccountPage}</arg>
<arg>${DeleteAccountPage}</arg>
<doc>Makes a variable available everywhere within the scope of the current suite.</doc>
<status status="PASS" start="2025-01-07T12:08:49.755056" elapsed="0.000000"/>
</kw>
<status status="PASS" start="2025-01-07T12:08:49.751829" elapsed="0.004896"/>
</kw>
<kw name="Initialization ContactUsPage Variables" owner="contactusPage">
<kw name="Read Yaml File" owner="READ">
<msg time="2025-01-07T12:08:49.758880" level="INFO">${ContactUsPage} = {'Name_txtbx': "(//input[@placeholder='Name'])[1]", 'Email_txtbx': "(//input[@placeholder='Email'])[1]", 'Subject_txtbx': "(//input[@placeholder='Subject'])[1]", 'Message_txtbx': "(//textarea[@id='mes...</msg>
<var>${ContactUsPage}</var>
<arg>${CONTACTUS_YAML_FILE}</arg>
<status status="PASS" start="2025-01-07T12:08:49.757265" elapsed="0.001615"/>
</kw>
<kw name="Set Suite Variable" owner="BuiltIn">
<msg time="2025-01-07T12:08:49.760985" level="INFO">${ContactUsPage} = {'Name_txtbx': "(//input[@placeholder='Name'])[1]", 'Email_txtbx': "(//input[@placeholder='Email'])[1]", 'Subject_txtbx': "(//input[@placeholder='Subject'])[1]", 'Message_txtbx': "(//textarea[@id='mes...</msg>
<arg>${ContactUsPage}</arg>
<arg>${ContactUsPage}</arg>
<doc>Makes a variable available everywhere within the scope of the current suite.</doc>
<status status="PASS" start="2025-01-07T12:08:49.760462" elapsed="0.000523"/>
</kw>
<status status="PASS" start="2025-01-07T12:08:49.756725" elapsed="0.005304"/>
</kw>
<kw name="Initialization ProductsPage Variables" owner="productsPage">
<kw name="Read Yaml File" owner="READ">
<msg time="2025-01-07T12:08:49.764233" level="INFO">${ProdutsPage} = {'AllProducts_lst': "//div[@id='cartModal']/following::div[@class='col-sm-4']", 'View_Product_btn': "(//div[@class='col-sm-4']//ul/li/a)[1]", 'ProductSearch_txtbx': "//input[@id='search_product']", 'S...</msg>
<var>${ProdutsPage}</var>
<arg>${PRODUCTS_YAML_FILE}</arg>
<status status="PASS" start="2025-01-07T12:08:49.763116" elapsed="0.001117"/>
</kw>
<kw name="Set Suite Variable" owner="BuiltIn">
<msg time="2025-01-07T12:08:49.765890" level="INFO">${ProdutsPage} = {'AllProducts_lst': "//div[@id='cartModal']/following::div[@class='col-sm-4']", 'View_Product_btn': "(//div[@class='col-sm-4']//ul/li/a)[1]", 'ProductSearch_txtbx': "//input[@id='search_product']", 'S...</msg>
<arg>${ProdutsPage}</arg>
<arg>${ProdutsPage}</arg>
<doc>Makes a variable available everywhere within the scope of the current suite.</doc>
<status status="PASS" start="2025-01-07T12:08:49.765275" elapsed="0.000615"/>
</kw>
<status status="PASS" start="2025-01-07T12:08:49.762567" elapsed="0.004415"/>
</kw>
<kw name="Initialization ProductsdetailsPage Variables" owner="productdetailsPage">
<kw name="Read Yaml File" owner="READ">
<msg time="2025-01-07T12:08:49.770147" level="INFO">${ProdutsdetailsPage} = {'productName_txt': "//*[@class='product-information']/h2", 'productCategory_txt': "//*[@class='product-information']/p", 'productPrice_txt': "//*[@class='product-information']/span/span", 'productAva...</msg>
<var>${ProdutsdetailsPage}</var>
<arg>${PRODUCTSDETAILS_YAML_FILE}</arg>
<status status="PASS" start="2025-01-07T12:08:49.768079" elapsed="0.002068"/>
</kw>
<kw name="Set Suite Variable" owner="BuiltIn">
<msg time="2025-01-07T12:08:49.772315" level="INFO">${ProdutsdetailsPage} = {'productName_txt': "//*[@class='product-information']/h2", 'productCategory_txt': "//*[@class='product-information']/p", 'productPrice_txt': "//*[@class='product-information']/span/span", 'productAva...</msg>
<arg>${ProdutsdetailsPage}</arg>
<arg>${ProdutsdetailsPage}</arg>
<doc>Makes a variable available everywhere within the scope of the current suite.</doc>
<status status="PASS" start="2025-01-07T12:08:49.771787" elapsed="0.000528"/>
</kw>
<status status="PASS" start="2025-01-07T12:08:49.767555" elapsed="0.005796"/>
</kw>
<status status="PASS" start="2025-01-07T12:08:49.704364" elapsed="0.069593"/>
</kw>
<test id="s1-t1" name="Scenario_01:User Registration" line="29">
<kw name="Launch Browser and Land on Homepage" owner="homePage" type="SETUP">
<kw name="Launch browser" owner="homePage">
<kw name="Key Launch Browser" owner="CustomSeleniumLibrary">
<kw name="Evaluate" owner="BuiltIn">
<msg time="2025-01-07T12:08:49.777225" level="INFO">${options} = &lt;selenium.webdriver.chrome.options.Options object at 0x000002187EDC0510&gt;</msg>
<var>${options}</var>
<arg>sys.modules['selenium.webdriver'].ChromeOptions()</arg>
<arg>sys, selenium.webdriver</arg>
<doc>Evaluates the given expression in Python and returns the result.</doc>
<status status="PASS" start="2025-01-07T12:08:49.776682" elapsed="0.000543"/>
</kw>
<kw name="Call Method" owner="BuiltIn">
<arg>${options}</arg>
<arg>add_argument</arg>
<arg>--headless</arg>
<doc>Calls the named method of the given object with the provided arguments.</doc>
<status status="PASS" start="2025-01-07T12:08:49.778858" elapsed="0.000569"/>
</kw>
<kw name="Call Method" owner="BuiltIn">
<arg>${options}</arg>
<arg>add_argument</arg>
<arg>--disable-gpu</arg>
<doc>Calls the named method of the given object with the provided arguments.</doc>
<status status="PASS" start="2025-01-07T12:08:49.779972" elapsed="0.000000"/>
</kw>
<kw name="Open Browser" owner="SeleniumLibrary">
<msg time="2025-01-07T12:08:49.780519" level="INFO">Opening browser 'Chrome' to base url 'None'.</msg>
<arg>${NONE}</arg>
<arg>${BROWSER}</arg>
<doc>Opens a new browser instance to the optional ``url``.</doc>
<status status="PASS" start="2025-01-07T12:08:49.780519" elapsed="2.470437"/>
</kw>
<kw name="Maximize Browser Window" owner="SeleniumLibrary">
<doc>Maximizes current browser window.</doc>
<status status="PASS" start="2025-01-07T12:08:52.252962" elapsed="0.072586"/>
</kw>
<kw name="Delete All Cookies" owner="SeleniumLibrary">
<doc>Deletes all cookies.</doc>
<status status="PASS" start="2025-01-07T12:08:52.326568" elapsed="0.012996"/>
</kw>
<arg>${BROWSER}</arg>
<status status="PASS" start="2025-01-07T12:08:49.776141" elapsed="2.563423"/>
</kw>
<status status="PASS" start="2025-01-07T12:08:49.775584" elapsed="2.564983"/>
</kw>
<kw name="Navigate to url 'http://automationexercise.com'" owner="homePage">
<kw name="Key Navigate To Url" owner="CustomSeleniumLibrary">
<kw name="Go To" owner="SeleniumLibrary">
<msg time="2025-01-07T12:08:52.342566" level="INFO">Opening url 'http://automationexercise.com'</msg>
<arg>${URL}</arg>
<doc>Navigates the current browser window to the provided ``url``.</doc>
<status status="PASS" start="2025-01-07T12:08:52.342566" elapsed="3.500525"/>
</kw>
<arg>${env['BASIC']['URL']}</arg>
<status status="PASS" start="2025-01-07T12:08:52.341569" elapsed="3.504075"/>
</kw>
<status status="PASS" start="2025-01-07T12:08:52.340567" elapsed="3.505077"/>
</kw>
<kw name="Verify that home page is visible successfully" owner="homePage">
<kw name="Key Verify That Expected Element Is Visible Successfully" owner="CustomSeleniumLibrary">
<kw name="Wait Until Page Contains Element" owner="SeleniumLibrary">
<arg>${element}</arg>
<doc>Waits until the element ``locator`` appears on the current page.</doc>
<status status="PASS" start="2025-01-07T12:08:55.848589" elapsed="0.021996"/>
</kw>
<kw name="Element Should Be Visible" owner="SeleniumLibrary">
<msg time="2025-01-07T12:08:55.903584" level="INFO">Element '//a[normalize-space()='Home']' is displayed.</msg>
<arg>${element}</arg>
<doc>Verifies that the element identified by ``locator`` is visible.</doc>
<status status="PASS" start="2025-01-07T12:08:55.871589" elapsed="0.031995"/>
</kw>
<arg>${HomePage['Navigation_bar']['Home_lnk']}</arg>
<status status="PASS" start="2025-01-07T12:08:55.847570" elapsed="0.058146"/>
</kw>
<status status="PASS" start="2025-01-07T12:08:55.846982" elapsed="0.059079"/>
</kw>
<kw name="Click on 'Signup / Login' button" owner="homePage">
<kw name="Key Click Any Button" owner="CustomSeleniumLibrary">
<kw name="Wait Until Element Is Visible" owner="SeleniumLibrary">
<arg>${element}</arg>
<doc>Waits until the element ``locator`` is visible.</doc>
<status status="PASS" start="2025-01-07T12:08:55.909143" elapsed="0.036203"/>
</kw>
<kw name="Wait Until Element Is Enabled" owner="SeleniumLibrary">
<arg>${element}</arg>
<doc>Waits until the element ``locator`` is enabled.</doc>
<status status="PASS" start="2025-01-07T12:08:55.945346" elapsed="0.052385"/>
</kw>
<kw name="Set Focus To Element" owner="SeleniumLibrary">
<arg>${element}</arg>
<doc>Sets the focus to the element identified by ``locator``.</doc>
<status status="PASS" start="2025-01-07T12:08:55.998735" elapsed="0.058490"/>
</kw>
<kw name="Click Element" owner="SeleniumLibrary">
<msg time="2025-01-07T12:08:56.060052" level="INFO">Clicking element '(//a[normalize-space()='Signup / Login'])[1]'.</msg>
<arg>${element}</arg>
<doc>Click the element identified by ``locator``.</doc>
<status status="PASS" start="2025-01-07T12:08:56.059075" elapsed="1.239348"/>
</kw>
<arg>${HomePage['Navigation_bar']['SignUp_Login_lnk']}</arg>
<status status="PASS" start="2025-01-07T12:08:55.907890" elapsed="1.392536"/>
</kw>
<status status="PASS" start="2025-01-07T12:08:55.906573" elapsed="1.394542"/>
</kw>
<status status="PASS" start="2025-01-07T12:08:49.775039" elapsed="7.526629"/>
</kw>
<kw name="Given Verify 'New User Signup!' is visible" owner="loginPage">
<kw name="Key Verify Expected Text Is Visible" owner="CustomSeleniumLibrary">
<kw name="Wait Until Page Contains" owner="SeleniumLibrary">
<arg>${text}</arg>
<doc>Waits until ``text`` appears on the current page.</doc>
<status status="PASS" start="2025-01-07T12:08:57.304967" elapsed="0.025927"/>
</kw>
<kw name="Page Should Contain" owner="SeleniumLibrary">
<msg time="2025-01-07T12:08:57.816426" level="INFO">Current page contains text 'New User Signup!'.</msg>
<arg>${text}</arg>
<doc>Verifies that current page contains ``text``.</doc>
<status status="PASS" start="2025-01-07T12:08:57.331890" elapsed="0.484536"/>
</kw>
<arg>New User Signup!</arg>
<status status="PASS" start="2025-01-07T12:08:57.304398" elapsed="0.513808"/>
</kw>
<status status="PASS" start="2025-01-07T12:08:57.303150" elapsed="0.515862"/>
</kw>
<kw name="And Enter name and email address" owner="loginPage">
<kw name="Key Enter Username And Password" owner="CustomSeleniumLibrary">
<kw name="Key Input Text Into Text Field" owner="CustomSeleniumLibrary">
<kw name="Wait Until Page Contains Element" owner="SeleniumLibrary">
<arg>${element}</arg>
<doc>Waits until the element ``locator`` appears on the current page.</doc>
<status status="PASS" start="2025-01-07T12:08:57.829442" elapsed="0.026002"/>
</kw>
<kw name="Wait Until Element Is Visible" owner="SeleniumLibrary">
<arg>${element}</arg>
<doc>Waits until the element ``locator`` is visible.</doc>
<status status="PASS" start="2025-01-07T12:08:57.856448" elapsed="0.038994"/>
</kw>
<kw name="Wait Until Element Is Enabled" owner="SeleniumLibrary">
<arg>${element}</arg>
<doc>Waits until the element ``locator`` is enabled.</doc>
<status status="PASS" start="2025-01-07T12:08:57.896443" elapsed="0.049002"/>
</kw>
<kw name="Clear Element Text" owner="SeleniumLibrary">
<arg>${element}</arg>
<doc>Clears the value of the text-input-element identified by ``locator``.</doc>
<status status="PASS" start="2025-01-07T12:08:57.946443" elapsed="0.070436"/>
</kw>
<kw name="Input Text" owner="SeleniumLibrary">
<msg time="2025-01-07T12:08:58.019010" level="INFO">Typing text 'user1234' into text field '//input[@placeholder='Name']'.</msg>
<arg>${element}</arg>
<arg>${text}</arg>
<doc>Types the given ``text`` into the text field identified by ``locator``.</doc>
<status status="PASS" start="2025-01-07T12:08:58.018396" elapsed="0.174646"/>
</kw>
<arg>${usr_element}</arg>
<arg>${username}</arg>
<status status="PASS" start="2025-01-07T12:08:57.829442" elapsed="0.366009"/>
</kw>
<kw name="Key Input Text Into Text Field" owner="CustomSeleniumLibrary">
<kw name="Wait Until Page Contains Element" owner="SeleniumLibrary">
<arg>${element}</arg>
<doc>Waits until the element ``locator`` appears on the current page.</doc>
<status status="PASS" start="2025-01-07T12:08:58.196538" elapsed="0.016299"/>
</kw>
<kw name="Wait Until Element Is Visible" owner="SeleniumLibrary">
<arg>${element}</arg>
<doc>Waits until the element ``locator`` is visible.</doc>
<status status="PASS" start="2025-01-07T12:08:58.213834" elapsed="0.017242"/>
</kw>
<kw name="Wait Until Element Is Enabled" owner="SeleniumLibrary">
<arg>${element}</arg>
<doc>Waits until the element ``locator`` is enabled.</doc>
<status status="PASS" start="2025-01-07T12:08:58.232079" elapsed="0.027005"/>
</kw>
<kw name="Clear Element Text" owner="SeleniumLibrary">
<arg>${element}</arg>
<doc>Clears the value of the text-input-element identified by ``locator``.</doc>
<status status="PASS" start="2025-01-07T12:08:58.259084" elapsed="0.046006"/>
</kw>
<kw name="Input Text" owner="SeleniumLibrary">
<msg time="2025-01-07T12:08:58.306089" level="INFO">Typing text 'user12344@example.com' into text field '//input[@data-qa='signup-email']'.</msg>
<arg>${element}</arg>
<arg>${text}</arg>
<doc>Types the given ``text`` into the text field identified by ``locator``.</doc>
<status status="PASS" start="2025-01-07T12:08:58.306089" elapsed="0.233173"/>
</kw>
<arg>${password_element}</arg>
<arg>${password}</arg>
<status status="PASS" start="2025-01-07T12:08:58.195994" elapsed="0.345190"/>
</kw>
<arg>${LoginPage['New_User_Signup']['Name_txtbx']}</arg>
<arg>${env['CRED']['USERNAME']}</arg>
<arg>${LoginPage['New_User_Signup']['Eamil_Address_txtbx']}</arg>
<arg>${env['CRED']['EMAIL']}</arg>
<status status="PASS" start="2025-01-07T12:08:57.823368" elapsed="0.718367"/>
</kw>
<status status="PASS" start="2025-01-07T12:08:57.820081" elapsed="0.721654"/>
</kw>
<kw name="And Click 'Signup' button" owner="loginPage">
<kw name="Key Click Any Button" owner="CustomSeleniumLibrary">
<kw name="Wait Until Element Is Visible" owner="SeleniumLibrary">
<arg>${element}</arg>
<doc>Waits until the element ``locator`` is visible.</doc>
<status status="PASS" start="2025-01-07T12:08:58.544433" elapsed="0.024807"/>
</kw>
<kw name="Wait Until Element Is Enabled" owner="SeleniumLibrary">
<arg>${element}</arg>
<doc>Waits until the element ``locator`` is enabled.</doc>
<status status="PASS" start="2025-01-07T12:08:58.570242" elapsed="0.027003"/>
</kw>
<kw name="Set Focus To Element" owner="SeleniumLibrary">
<arg>${element}</arg>
<doc>Sets the focus to the element identified by ``locator``.</doc>
<status status="PASS" start="2025-01-07T12:08:58.598242" elapsed="0.021001"/>
</kw>
<kw name="Click Element" owner="SeleniumLibrary">
<msg time="2025-01-07T12:08:58.620240" level="INFO">Clicking element '//button[normalize-space()='Signup']'.</msg>
<arg>${element}</arg>
<doc>Click the element identified by ``locator``.</doc>
<status status="PASS" start="2025-01-07T12:08:58.619243" elapsed="3.184141"/>
</kw>
<arg>${LoginPage['New_User_Signup']['SignUp_btn']}</arg>
<status status="PASS" start="2025-01-07T12:08:58.543341" elapsed="3.263043"/>
</kw>
<status status="PASS" start="2025-01-07T12:08:58.542780" elapsed="3.264469"/>
</kw>
<kw name="And Verify that 'ENTER ACCOUNT INFORMATION' is visible" owner="signupPage">
<kw name="Key Verify That Expected Element Is Visible Successfully" owner="CustomSeleniumLibrary">
<kw name="Wait Until Page Contains Element" owner="SeleniumLibrary">
<arg>${element}</arg>
<doc>Waits until the element ``locator`` appears on the current page.</doc>
<status status="PASS" start="2025-01-07T12:09:01.812720" elapsed="0.018004"/>
</kw>
<kw name="Element Should Be Visible" owner="SeleniumLibrary">
<msg time="2025-01-07T12:09:01.859309" level="INFO">Element '//b[normalize-space()='Enter Account Information']' is displayed.</msg>
<arg>${element}</arg>
<doc>Verifies that the element identified by ``locator`` is visible.</doc>
<status status="PASS" start="2025-01-07T12:09:01.831720" elapsed="0.027589"/>
</kw>
<arg>${SignupPage['Account_Information']['Heading_txt']}</arg>
<status status="PASS" start="2025-01-07T12:09:01.811064" elapsed="0.051556"/>
</kw>
<status status="PASS" start="2025-01-07T12:09:01.807768" elapsed="0.055758"/>
</kw>
<kw name="And Fill details: Title, Name, Email, Password, Date of birth" owner="signupPage">
<kw name="Key Click Any Button" owner="CustomSeleniumLibrary">
<kw name="Wait Until Element Is Visible" owner="SeleniumLibrary">
<arg>${element}</arg>
<doc>Waits until the element ``locator`` is visible.</doc>
<status status="PASS" start="2025-01-07T12:09:01.874271" elapsed="0.074311"/>
</kw>
<kw name="Wait Until Element Is Enabled" owner="SeleniumLibrary">
<arg>${element}</arg>
<doc>Waits until the element ``locator`` is enabled.</doc>
<status status="PASS" start="2025-01-07T12:09:01.948582" elapsed="0.043993"/>
</kw>
<kw name="Set Focus To Element" owner="SeleniumLibrary">
<arg>${element}</arg>
<doc>Sets the focus to the element identified by ``locator``.</doc>
<status status="PASS" start="2025-01-07T12:09:01.992575" elapsed="0.026005"/>
</kw>
<kw name="Click Element" owner="SeleniumLibrary">
<msg time="2025-01-07T12:09:02.019578" level="INFO">Clicking element '(//input[@name='title'])[2]'.</msg>
<arg>${element}</arg>
<doc>Click the element identified by ``locator``.</doc>
<status status="PASS" start="2025-01-07T12:09:02.019578" elapsed="0.117322"/>
</kw>
<arg>${SignupPage['Account_Information']['radio']['Mrs']}</arg>
<status status="PASS" start="2025-01-07T12:09:01.867408" elapsed="0.271269"/>
</kw>
<kw name="Key Input Text Into Text Field" owner="CustomSeleniumLibrary">
<kw name="Wait Until Page Contains Element" owner="SeleniumLibrary">
<arg>${element}</arg>
<doc>Waits until the element ``locator`` appears on the current page.</doc>
<status status="PASS" start="2025-01-07T12:09:02.142929" elapsed="0.016517"/>
</kw>
<kw name="Wait Until Element Is Visible" owner="SeleniumLibrary">
<arg>${element}</arg>
<doc>Waits until the element ``locator`` is visible.</doc>
<status status="PASS" start="2025-01-07T12:09:02.159446" elapsed="0.021995"/>
</kw>
<kw name="Wait Until Element Is Enabled" owner="SeleniumLibrary">
<arg>${element}</arg>
<doc>Waits until the element ``locator`` is enabled.</doc>
<status status="PASS" start="2025-01-07T12:09:02.182450" elapsed="0.036001"/>
</kw>
<kw name="Clear Element Text" owner="SeleniumLibrary">
<arg>${element}</arg>
<doc>Clears the value of the text-input-element identified by ``locator``.</doc>
<status status="PASS" start="2025-01-07T12:09:02.218451" elapsed="0.049137"/>
</kw>
<kw name="Input Text" owner="SeleniumLibrary">
<msg time="2025-01-07T12:09:02.268589" level="INFO">Typing text 'pass4567' into text field '//input[@id='password']'.</msg>
<arg>${element}</arg>
<arg>${text}</arg>
<doc>Types the given ``text`` into the text field identified by ``locator``.</doc>
<status status="PASS" start="2025-01-07T12:09:02.268589" elapsed="0.155327"/>
</kw>
<arg>${SignupPage['Account_Information']['Password_txtbx']}</arg>
<arg>${env['CRED']['PASSWORD']}</arg>
<status status="PASS" start="2025-01-07T12:09:02.139606" elapsed="0.286805"/>
</kw>
<kw name="Key Select The Label From DropDown List" owner="CustomSeleniumLibrary">
<kw name="Wait Until Element Is Visible" owner="SeleniumLibrary">
<arg>${locator}</arg>
<doc>Waits until the element ``locator`` is visible.</doc>
<status status="PASS" start="2025-01-07T12:09:02.429858" elapsed="0.033211"/>
</kw>
<kw name="Wait Until Element Is Enabled" owner="SeleniumLibrary">
<arg>${locator}</arg>
<doc>Waits until the element ``locator`` is enabled.</doc>
<status status="PASS" start="2025-01-07T12:09:02.464072" elapsed="0.038998"/>
</kw>
<kw name="Select From List By Label" owner="SeleniumLibrary">
<msg time="2025-01-07T12:09:02.504072" level="INFO">Selecting options from selection list 'name:days' by label 15.</msg>
<arg>${locator}</arg>
<arg>${value}</arg>
<doc>Selects options from selection list ``locator`` by ``labels``.</doc>
<status status="PASS" start="2025-01-07T12:09:02.503070" elapsed="0.141311"/>
</kw>
<arg>${SignupPage['Account_Information']['Date_Of_Birth_ddbx']['Day']}</arg>
<arg>15</arg>
<status status="PASS" start="2025-01-07T12:09:02.426926" elapsed="0.219815"/>
</kw>
<kw name="Key Select The Label From DropDown List" owner="CustomSeleniumLibrary">
<kw name="Wait Until Element Is Visible" owner="SeleniumLibrary">
<arg>${locator}</arg>
<doc>Waits until the element ``locator`` is visible.</doc>
<status status="PASS" start="2025-01-07T12:09:02.649871" elapsed="0.027509"/>
</kw>
<kw name="Wait Until Element Is Enabled" owner="SeleniumLibrary">
<arg>${locator}</arg>
<doc>Waits until the element ``locator`` is enabled.</doc>
<status status="PASS" start="2025-01-07T12:09:02.678379" elapsed="0.036001"/>
</kw>
<kw name="Select From List By Label" owner="SeleniumLibrary">
<msg time="2025-01-07T12:09:02.715376" level="INFO">Selecting options from selection list 'name:months' by label May.</msg>
<arg>${locator}</arg>
<arg>${value}</arg>
<doc>Selects options from selection list ``locator`` by ``labels``.</doc>
<status status="PASS" start="2025-01-07T12:09:02.715376" elapsed="0.119289"/>
</kw>
<arg>${SignupPage['Account_Information']['Date_Of_Birth_ddbx']['Month']}</arg>
<arg>May</arg>
<status status="PASS" start="2025-01-07T12:09:02.647475" elapsed="0.188427"/>
</kw>
<kw name="Key Select The Label From DropDown List" owner="CustomSeleniumLibrary">
<kw name="Wait Until Element Is Visible" owner="SeleniumLibrary">
<arg>${locator}</arg>
<doc>Waits until the element ``locator`` is visible.</doc>
<status status="PASS" start="2025-01-07T12:09:02.839158" elapsed="0.054472"/>
</kw>
<kw name="Wait Until Element Is Enabled" owner="SeleniumLibrary">
<arg>${locator}</arg>
<doc>Waits until the element ``locator`` is enabled.</doc>
<status status="PASS" start="2025-01-07T12:09:02.895630" elapsed="0.036999"/>
</kw>
<kw name="Select From List By Label" owner="SeleniumLibrary">
<msg time="2025-01-07T12:09:02.933630" level="INFO">Selecting options from selection list 'name:years' by label 1987.</msg>
<arg>${locator}</arg>
<arg>${value}</arg>
<doc>Selects options from selection list ``locator`` by ``labels``.</doc>
<status status="PASS" start="2025-01-07T12:09:02.933630" elapsed="0.098996"/>
</kw>
<arg>${SignupPage['Account_Information']['Date_Of_Birth_ddbx']['Year']}</arg>
<arg>1987</arg>
<status status="PASS" start="2025-01-07T12:09:02.836483" elapsed="0.197486"/>
</kw>
<status status="PASS" start="2025-01-07T12:09:01.864584" elapsed="1.169895"/>
</kw>
<kw name="And Select checkbox 'Sign up for our newsletter!'" owner="signupPage">
<kw name="Key Select The Checkbox" owner="CustomSeleniumLibrary">
<kw name="Wait Until Element Is Visible" owner="SeleniumLibrary">
<arg>${element}</arg>
<doc>Waits until the element ``locator`` is visible.</doc>
<status status="PASS" start="2025-01-07T12:09:03.037157" elapsed="0.029945"/>
</kw>
<kw name="Wait Until Element Is Enabled" owner="SeleniumLibrary">
<arg>${element}</arg>
<doc>Waits until the element ``locator`` is enabled.</doc>
<status status="PASS" start="2025-01-07T12:09:03.067102" elapsed="0.032171"/>
</kw>
<kw name="Checkbox Should Not Be Selected" owner="SeleniumLibrary">
<msg time="2025-01-07T12:09:03.100279" level="INFO">Verifying checkbox '//input[@id='newsletter']' is not selected.</msg>
<arg>${element}</arg>
<doc>Verifies checkbox ``locator`` is not selected/checked.</doc>
<status status="PASS" start="2025-01-07T12:09:03.100279" elapsed="0.041518"/>
</kw>
<kw name="Select Checkbox" owner="SeleniumLibrary">
<msg time="2025-01-07T12:09:03.143903" level="INFO">Selecting checkbox '//input[@id='newsletter']'.</msg>
<arg>${element}</arg>
<doc>Selects the checkbox identified by ``locator``.</doc>
<status status="PASS" start="2025-01-07T12:09:03.143903" elapsed="0.122797"/>
</kw>
<arg>${SignupPage['Account_Information']['Sign_up_for_our_newsletter_chkbx']}</arg>
<status status="PASS" start="2025-01-07T12:09:03.035599" elapsed="0.233063"/>
</kw>
<status status="PASS" start="2025-01-07T12:09:03.035023" elapsed="0.233639"/>
</kw>
<kw name="And Select checkbox 'Receive special offers from our partners!'" owner="signupPage">
<kw name="Key Select The Checkbox" owner="CustomSeleniumLibrary">
<kw name="Wait Until Element Is Visible" owner="SeleniumLibrary">
<arg>${element}</arg>
<doc>Waits until the element ``locator`` is visible.</doc>
<status status="PASS" start="2025-01-07T12:09:03.271841" elapsed="0.028655"/>
</kw>
<kw name="Wait Until Element Is Enabled" owner="SeleniumLibrary">
<arg>${element}</arg>
<doc>Waits until the element ``locator`` is enabled.</doc>
<status status="PASS" start="2025-01-07T12:09:03.301500" elapsed="0.029997"/>
</kw>
<kw name="Checkbox Should Not Be Selected" owner="SeleniumLibrary">
<msg time="2025-01-07T12:09:03.332502" level="INFO">Verifying checkbox '//input[@id='optin']' is not selected.</msg>
<arg>${element}</arg>
<doc>Verifies checkbox ``locator`` is not selected/checked.</doc>
<status status="PASS" start="2025-01-07T12:09:03.332502" elapsed="0.035994"/>
</kw>
<kw name="Select Checkbox" owner="SeleniumLibrary">
<msg time="2025-01-07T12:09:03.370657" level="INFO">Selecting checkbox '//input[@id='optin']'.</msg>
<arg>${element}</arg>
<doc>Selects the checkbox identified by ``locator``.</doc>
<status status="PASS" start="2025-01-07T12:09:03.370145" elapsed="0.135440"/>
</kw>
<arg>${SignupPage['Account_Information']['Receive_special_offers_from_our_partners']}</arg>
<status status="PASS" start="2025-01-07T12:09:03.270285" elapsed="0.237302"/>
</kw>
<status status="PASS" start="2025-01-07T12:09:03.269747" elapsed="0.238704"/>
</kw>
<kw name="And Fill details: First name, Last name, Company, Address, Address2, Country, State, City, Zipcode, Mobile Number" owner="signupPage">
<kw name="Key Input Text Into Text Field" owner="CustomSeleniumLibrary">
<kw name="Wait Until Page Contains Element" owner="SeleniumLibrary">
<arg>${element}</arg>
<doc>Waits until the element ``locator`` appears on the current page.</doc>
<status status="PASS" start="2025-01-07T12:09:03.513191" elapsed="0.014995"/>
</kw>
<kw name="Wait Until Element Is Visible" owner="SeleniumLibrary">
<arg>${element}</arg>
<doc>Waits until the element ``locator`` is visible.</doc>
<status status="PASS" start="2025-01-07T12:09:03.529192" elapsed="0.019637"/>
</kw>
<kw name="Wait Until Element Is Enabled" owner="SeleniumLibrary">
<arg>${element}</arg>
<doc>Waits until the element ``locator`` is enabled.</doc>
<status status="PASS" start="2025-01-07T12:09:03.549830" elapsed="0.033683"/>
</kw>
<kw name="Clear Element Text" owner="SeleniumLibrary">
<arg>${element}</arg>
<doc>Clears the value of the text-input-element identified by ``locator``.</doc>
<status status="PASS" start="2025-01-07T12:09:03.583513" elapsed="0.042610"/>
</kw>
<kw name="Input Text" owner="SeleniumLibrary">
<msg time="2025-01-07T12:09:03.627123" level="INFO">Typing text 'cypress.io' into text field '//input[@id='first_name']'.</msg>
<arg>${element}</arg>
<arg>${text}</arg>
<doc>Types the given ``text`` into the text field identified by ``locator``.</doc>
<status status="PASS" start="2025-01-07T12:09:03.627123" elapsed="0.173136"/>
</kw>
<arg>${SignupPage['Address_Information']['First_Name_txtbx']}</arg>
<arg>cypress.io</arg>
<status status="PASS" start="2025-01-07T12:09:03.511048" elapsed="0.291116"/>
</kw>
<kw name="Key Input Text Into Text Field" owner="CustomSeleniumLibrary">
<kw name="Wait Until Page Contains Element" owner="SeleniumLibrary">
<arg>${element}</arg>
<doc>Waits until the element ``locator`` appears on the current page.</doc>
<status status="PASS" start="2025-01-07T12:09:03.803797" elapsed="0.017167"/>
</kw>
<kw name="Wait Until Element Is Visible" owner="SeleniumLibrary">
<arg>${element}</arg>
<doc>Waits until the element ``locator`` is visible.</doc>
<status status="PASS" start="2025-01-07T12:09:03.821968" elapsed="0.022998"/>
</kw>
<kw name="Wait Until Element Is Enabled" owner="SeleniumLibrary">
<arg>${element}</arg>
<doc>Waits until the element ``locator`` is enabled.</doc>
<status status="PASS" start="2025-01-07T12:09:03.845967" elapsed="0.029004"/>
</kw>
<kw name="Clear Element Text" owner="SeleniumLibrary">
<arg>${element}</arg>
<doc>Clears the value of the text-input-element identified by ``locator``.</doc>
<status status="PASS" start="2025-01-07T12:09:03.875967" elapsed="0.043001"/>
</kw>
<kw name="Input Text" owner="SeleniumLibrary">
<msg time="2025-01-07T12:09:03.920970" level="INFO">Typing text 'cypress.io' into text field '//input[@id='last_name']'.</msg>
<arg>${element}</arg>
<arg>${text}</arg>
<doc>Types the given ``text`` into the text field identified by ``locator``.</doc>
<status status="PASS" start="2025-01-07T12:09:03.919968" elapsed="0.209553"/>
</kw>
<arg>${SignupPage['Address_Information']['Last_Name_txtbx']}</arg>
<arg>cypress.io</arg>
<status status="PASS" start="2025-01-07T12:09:03.802734" elapsed="0.328856"/>
</kw>
<kw name="Key Input Text Into Text Field" owner="CustomSeleniumLibrary">
<kw name="Wait Until Page Contains Element" owner="SeleniumLibrary">
<arg>${element}</arg>
<doc>Waits until the element ``locator`` appears on the current page.</doc>
<status status="PASS" start="2025-01-07T12:09:04.134020" elapsed="0.018852"/>
</kw>
<kw name="Wait Until Element Is Visible" owner="SeleniumLibrary">
<arg>${element}</arg>
<doc>Waits until the element ``locator`` is visible.</doc>
<status status="PASS" start="2025-01-07T12:09:04.153873" elapsed="0.024996"/>
</kw>
<kw name="Wait Until Element Is Enabled" owner="SeleniumLibrary">
<arg>${element}</arg>
<doc>Waits until the element ``locator`` is enabled.</doc>
<status status="PASS" start="2025-01-07T12:09:04.178869" elapsed="0.030003"/>
</kw>
<kw name="Clear Element Text" owner="SeleniumLibrary">
<arg>${element}</arg>
<doc>Clears the value of the text-input-element identified by ``locator``.</doc>
<status status="PASS" start="2025-01-07T12:09:04.209874" elapsed="0.048629"/>
</kw>
<kw name="Input Text" owner="SeleniumLibrary">
<msg time="2025-01-07T12:09:04.259504" level="INFO">Typing text 'cypress.io' into text field '//input[@id='company']'.</msg>
<arg>${element}</arg>
<arg>${text}</arg>
<doc>Types the given ``text`` into the text field identified by ``locator``.</doc>
<status status="PASS" start="2025-01-07T12:09:04.259504" elapsed="0.184306"/>
</kw>
<arg>${SignupPage['Address_Information']['Company_txtbx']}</arg>
<arg>cypress.io</arg>
<status status="PASS" start="2025-01-07T12:09:04.132152" elapsed="0.313394"/>
</kw>
<kw name="Key Input Text Into Text Field" owner="CustomSeleniumLibrary">
<kw name="Wait Until Page Contains Element" owner="SeleniumLibrary">
<arg>${element}</arg>
<doc>Waits until the element ``locator`` appears on the current page.</doc>
<status status="PASS" start="2025-01-07T12:09:04.447251" elapsed="0.018054"/>
</kw>
<kw name="Wait Until Element Is Visible" owner="SeleniumLibrary">
<arg>${element}</arg>
<doc>Waits until the element ``locator`` is visible.</doc>
<status status="PASS" start="2025-01-07T12:09:04.466308" elapsed="0.020996"/>
</kw>
<kw name="Wait Until Element Is Enabled" owner="SeleniumLibrary">
<arg>${element}</arg>
<doc>Waits until the element ``locator`` is enabled.</doc>
<status status="PASS" start="2025-01-07T12:09:04.487304" elapsed="0.031525"/>
</kw>
<kw name="Clear Element Text" owner="SeleniumLibrary">
<arg>${element}</arg>
<doc>Clears the value of the text-input-element identified by ``locator``.</doc>
<status status="PASS" start="2025-01-07T12:09:04.519832" elapsed="0.052331"/>
</kw>
<kw name="Input Text" owner="SeleniumLibrary">
<msg time="2025-01-07T12:09:04.573165" level="INFO">Typing text 'cypress.io' into text field '//input[@id='address1']'.</msg>
<arg>${element}</arg>
<arg>${text}</arg>
<doc>Types the given ``text`` into the text field identified by ``locator``.</doc>
<status status="PASS" start="2025-01-07T12:09:04.572163" elapsed="0.187774"/>
</kw>
<arg>${SignupPage['Address_Information']['Address_txtbx']}</arg>
<arg>cypress.io</arg>
<status status="PASS" start="2025-01-07T12:09:04.446137" elapsed="0.315670"/>
</kw>
<kw name="Key Input Text Into Text Field" owner="CustomSeleniumLibrary">
<kw name="Wait Until Page Contains Element" owner="SeleniumLibrary">
<arg>${element}</arg>
<doc>Waits until the element ``locator`` appears on the current page.</doc>
<status status="PASS" start="2025-01-07T12:09:04.763548" elapsed="0.017168"/>
</kw>
<kw name="Wait Until Element Is Visible" owner="SeleniumLibrary">
<arg>${element}</arg>
<doc>Waits until the element ``locator`` is visible.</doc>
<status status="PASS" start="2025-01-07T12:09:04.781719" elapsed="0.021992"/>
</kw>
<kw name="Wait Until Element Is Enabled" owner="SeleniumLibrary">
<arg>${element}</arg>
<doc>Waits until the element ``locator`` is enabled.</doc>
<status status="PASS" start="2025-01-07T12:09:04.803711" elapsed="0.032000"/>
</kw>
<kw name="Clear Element Text" owner="SeleniumLibrary">
<arg>${element}</arg>
<doc>Clears the value of the text-input-element identified by ``locator``.</doc>
<status status="PASS" start="2025-01-07T12:09:04.835711" elapsed="0.046000"/>
</kw>
<kw name="Input Text" owner="SeleniumLibrary">
<msg time="2025-01-07T12:09:04.882712" level="INFO">Typing text 'cypress.io' into text field '//input[@id='address2']'.</msg>
<arg>${element}</arg>
<arg>${text}</arg>
<doc>Types the given ``text`` into the text field identified by ``locator``.</doc>
<status status="PASS" start="2025-01-07T12:09:04.882712" elapsed="0.182275"/>
</kw>
<arg>${SignupPage['Address_Information']['Address2_txtbx']}</arg>
<arg>cypress.io</arg>
<status status="PASS" start="2025-01-07T12:09:04.762367" elapsed="0.304292"/>
</kw>
<kw name="Key Select The Label From DropDown List" owner="CustomSeleniumLibrary">
<kw name="Wait Until Element Is Visible" owner="SeleniumLibrary">
<arg>${locator}</arg>
<doc>Waits until the element ``locator`` is visible.</doc>
<status status="PASS" start="2025-01-07T12:09:05.069074" elapsed="0.035241"/>
</kw>
<kw name="Wait Until Element Is Enabled" owner="SeleniumLibrary">
<arg>${locator}</arg>
<doc>Waits until the element ``locator`` is enabled.</doc>
<status status="PASS" start="2025-01-07T12:09:05.104944" elapsed="0.040662"/>
</kw>
<kw name="Select From List By Label" owner="SeleniumLibrary">
<msg time="2025-01-07T12:09:05.147117" level="INFO">Selecting options from selection list 'name:country' by label Singapore.</msg>
<arg>${locator}</arg>
<arg>${value}</arg>
<doc>Selects options from selection list ``locator`` by ``labels``.</doc>
<status status="PASS" start="2025-01-07T12:09:05.146609" elapsed="0.123084"/>
</kw>
<arg>${SignupPage['Address_Information']['Country_ddl']}</arg>
<arg>Singapore</arg>
<status status="PASS" start="2025-01-07T12:09:05.067456" elapsed="0.204235"/>
</kw>
<kw name="Key Input Text Into Text Field" owner="CustomSeleniumLibrary">
<kw name="Wait Until Page Contains Element" owner="SeleniumLibrary">
<arg>${element}</arg>
<doc>Waits until the element ``locator`` appears on the current page.</doc>
<status status="PASS" start="2025-01-07T12:09:05.274835" elapsed="0.019667"/>
</kw>
<kw name="Wait Until Element Is Visible" owner="SeleniumLibrary">
<arg>${element}</arg>
<doc>Waits until the element ``locator`` is visible.</doc>
<status status="PASS" start="2025-01-07T12:09:05.295500" elapsed="0.021994"/>
</kw>
<kw name="Wait Until Element Is Enabled" owner="SeleniumLibrary">
<arg>${element}</arg>
<doc>Waits until the element ``locator`` is enabled.</doc>
<status status="PASS" start="2025-01-07T12:09:05.318491" elapsed="0.030538"/>
</kw>
<kw name="Clear Element Text" owner="SeleniumLibrary">
<arg>${element}</arg>
<doc>Clears the value of the text-input-element identified by ``locator``.</doc>
<status status="PASS" start="2025-01-07T12:09:05.350025" elapsed="0.054567"/>
</kw>
<kw name="Input Text" owner="SeleniumLibrary">
<msg time="2025-01-07T12:09:05.405589" level="INFO">Typing text 'cypress.io' into text field '//input[@id='state']'.</msg>
<arg>${element}</arg>
<arg>${text}</arg>
<doc>Types the given ``text`` into the text field identified by ``locator``.</doc>
<status status="PASS" start="2025-01-07T12:09:05.404592" elapsed="0.182050"/>
</kw>
<arg>${SignupPage['Address_Information']['State_txtbx']}</arg>
<arg>cypress.io</arg>
<status status="PASS" start="2025-01-07T12:09:05.272452" elapsed="0.316515"/>
</kw>
<kw name="Key Input Text Into Text Field" owner="CustomSeleniumLibrary">
<kw name="Wait Until Page Contains Element" owner="SeleniumLibrary">
<arg>${element}</arg>
<doc>Waits until the element ``locator`` appears on the current page.</doc>
<status status="PASS" start="2025-01-07T12:09:05.593136" elapsed="0.021559"/>
</kw>
<kw name="Wait Until Element Is Visible" owner="SeleniumLibrary">
<arg>${element}</arg>
<doc>Waits until the element ``locator`` is visible.</doc>
<status status="PASS" start="2025-01-07T12:09:05.615714" elapsed="0.021992"/>
</kw>
<kw name="Wait Until Element Is Enabled" owner="SeleniumLibrary">
<arg>${element}</arg>
<doc>Waits until the element ``locator`` is enabled.</doc>
<status status="PASS" start="2025-01-07T12:09:05.637706" elapsed="0.032683"/>
</kw>
<kw name="Clear Element Text" owner="SeleniumLibrary">
<arg>${element}</arg>
<doc>Clears the value of the text-input-element identified by ``locator``.</doc>
<status status="PASS" start="2025-01-07T12:09:05.671382" elapsed="0.052226"/>
</kw>
<kw name="Input Text" owner="SeleniumLibrary">
<msg time="2025-01-07T12:09:05.724612" level="INFO">Typing text 'cypress.io' into text field '//input[@id='city']'.</msg>
<arg>${element}</arg>
<arg>${text}</arg>
<doc>Types the given ``text`` into the text field identified by ``locator``.</doc>
<status status="PASS" start="2025-01-07T12:09:05.723608" elapsed="0.176483"/>
</kw>
<arg>${SignupPage['Address_Information']['City_txtbx']}</arg>
<arg>cypress.io</arg>
<status status="PASS" start="2025-01-07T12:09:05.590112" elapsed="0.312253"/>
</kw>
<kw name="Key Input Text Into Text Field" owner="CustomSeleniumLibrary">
<kw name="Wait Until Page Contains Element" owner="SeleniumLibrary">
<arg>${element}</arg>
<doc>Waits until the element ``locator`` appears on the current page.</doc>
<status status="PASS" start="2025-01-07T12:09:05.904020" elapsed="0.018141"/>
</kw>
<kw name="Wait Until Element Is Visible" owner="SeleniumLibrary">
<arg>${element}</arg>
<doc>Waits until the element ``locator`` is visible.</doc>
<status status="PASS" start="2025-01-07T12:09:05.922161" elapsed="0.023714"/>
</kw>
<kw name="Wait Until Element Is Enabled" owner="SeleniumLibrary">
<arg>${element}</arg>
<doc>Waits until the element ``locator`` is enabled.</doc>
<status status="PASS" start="2025-01-07T12:09:05.946879" elapsed="0.040396"/>
</kw>
<kw name="Clear Element Text" owner="SeleniumLibrary">
<arg>${element}</arg>
<doc>Clears the value of the text-input-element identified by ``locator``.</doc>
<status status="PASS" start="2025-01-07T12:09:05.987275" elapsed="0.046849"/>
</kw>
<kw name="Input Text" owner="SeleniumLibrary">
<msg time="2025-01-07T12:09:06.035125" level="INFO">Typing text '565801' into text field '//input[@id='zipcode']'.</msg>
<arg>${element}</arg>
<arg>${text}</arg>
<doc>Types the given ``text`` into the text field identified by ``locator``.</doc>
<status status="PASS" start="2025-01-07T12:09:06.035125" elapsed="0.142475"/>
</kw>
<arg>${SignupPage['Address_Information']['Zipcode_txtbx']}</arg>
<arg>565801</arg>
<status status="PASS" start="2025-01-07T12:09:05.902921" elapsed="0.276528"/>
</kw>
<kw name="Key Input Text Into Text Field" owner="CustomSeleniumLibrary">
<kw name="Wait Until Page Contains Element" owner="SeleniumLibrary">
<arg>${element}</arg>
<doc>Waits until the element ``locator`` appears on the current page.</doc>
<status status="PASS" start="2025-01-07T12:09:06.182170" elapsed="0.016893"/>
</kw>
<kw name="Wait Until Element Is Visible" owner="SeleniumLibrary">
<arg>${element}</arg>
<doc>Waits until the element ``locator`` is visible.</doc>
<status status="PASS" start="2025-01-07T12:09:06.200059" elapsed="0.022575"/>
</kw>
<kw name="Wait Until Element Is Enabled" owner="SeleniumLibrary">
<arg>${element}</arg>
<doc>Waits until the element ``locator`` is enabled.</doc>
<status status="PASS" start="2025-01-07T12:09:06.223632" elapsed="0.033373"/>
</kw>
<kw name="Clear Element Text" owner="SeleniumLibrary">
<arg>${element}</arg>
<doc>Clears the value of the text-input-element identified by ``locator``.</doc>
<status status="PASS" start="2025-01-07T12:09:06.258009" elapsed="0.047381"/>
</kw>
<kw name="Input Text" owner="SeleniumLibrary">
<msg time="2025-01-07T12:09:06.306384" level="INFO">Typing text '9999999999' into text field '//input[@id='mobile_number']'.</msg>
<arg>${element}</arg>
<arg>${text}</arg>
<doc>Types the given ``text`` into the text field identified by ``locator``.</doc>
<status status="PASS" start="2025-01-07T12:09:06.305390" elapsed="0.177303"/>
</kw>
<arg>${SignupPage['Address_Information']['Mobile_txtbx']}</arg>
<arg>9999999999</arg>
<status status="PASS" start="2025-01-07T12:09:06.179997" elapsed="0.304124"/>
</kw>
<status status="PASS" start="2025-01-07T12:09:03.509504" elapsed="2.975126"/>
</kw>
<kw name="And Click 'Create Account button'" owner="signupPage">
<kw name="Key Click Any Button" owner="CustomSeleniumLibrary">
<kw name="Wait Until Element Is Visible" owner="SeleniumLibrary">
<arg>${element}</arg>
<doc>Waits until the element ``locator`` is visible.</doc>
<status status="PASS" start="2025-01-07T12:09:06.486817" elapsed="0.029420"/>
</kw>
<kw name="Wait Until Element Is Enabled" owner="SeleniumLibrary">
<arg>${element}</arg>
<doc>Waits until the element ``locator`` is enabled.</doc>
<status status="PASS" start="2025-01-07T12:09:06.516237" elapsed="0.031005"/>
</kw>
<kw name="Set Focus To Element" owner="SeleniumLibrary">
<arg>${element}</arg>
<doc>Sets the focus to the element identified by ``locator``.</doc>
<status status="PASS" start="2025-01-07T12:09:06.547242" elapsed="0.021999"/>
</kw>
<kw name="Click Element" owner="SeleniumLibrary">
<msg time="2025-01-07T12:09:06.570239" level="INFO">Clicking element '//button[normalize-space()='Create Account']'.</msg>
<arg>${element}</arg>
<doc>Click the element identified by ``locator``.</doc>
<status status="PASS" start="2025-01-07T12:09:06.570239" elapsed="1.832183"/>
</kw>
<arg>${SignupPage['Create_Account_btn']}</arg>
<status status="PASS" start="2025-01-07T12:09:06.485728" elapsed="1.919515"/>
</kw>
<status status="PASS" start="2025-01-07T12:09:06.485179" elapsed="1.920662"/>
</kw>
<kw name="And Verify that 'ACCOUNT CREATED!' is visible" owner="accountCreatedPage">
<kw name="Key Verify That Expected Element Is Visible Successfully" owner="CustomSeleniumLibrary">
<kw name="Wait Until Page Contains Element" owner="SeleniumLibrary">
<arg>${element}</arg>
<doc>Waits until the element ``locator`` appears on the current page.</doc>
<status status="PASS" start="2025-01-07T12:09:08.411808" elapsed="0.024493"/>
</kw>
<kw name="Element Should Be Visible" owner="SeleniumLibrary">
<msg time="2025-01-07T12:09:08.971652" level="INFO">Element '//b[normalize-space()='Account Created!']' is displayed.</msg>
<arg>${element}</arg>
<doc>Verifies that the element identified by ``locator`` is visible.</doc>
<status status="PASS" start="2025-01-07T12:09:08.437295" elapsed="0.535364"/>
</kw>
<arg>${AccountCreatedPage['AccountCreated_txt']}</arg>
<status status="PASS" start="2025-01-07T12:09:08.409525" elapsed="0.566411"/>
</kw>
<status status="PASS" start="2025-01-07T12:09:08.406969" elapsed="0.570263"/>
</kw>
<kw name="And Click 'Continue' button" owner="accountCreatedPage">
<kw name="Key Click Any Button" owner="CustomSeleniumLibrary">
<kw name="Wait Until Element Is Visible" owner="SeleniumLibrary">
<arg>${element}</arg>
<doc>Waits until the element ``locator`` is visible.</doc>
<status status="PASS" start="2025-01-07T12:09:08.984919" elapsed="0.065857"/>
</kw>
<kw name="Wait Until Element Is Enabled" owner="SeleniumLibrary">
<arg>${element}</arg>
<doc>Waits until the element ``locator`` is enabled.</doc>
<status status="PASS" start="2025-01-07T12:09:09.051768" elapsed="0.066572"/>
</kw>
<kw name="Set Focus To Element" owner="SeleniumLibrary">
<arg>${element}</arg>
<doc>Sets the focus to the element identified by ``locator``.</doc>
<status status="PASS" start="2025-01-07T12:09:09.118340" elapsed="0.068043"/>
</kw>
<kw name="Click Element" owner="SeleniumLibrary">
<msg time="2025-01-07T12:09:09.188546" level="INFO">Clicking element '//a[normalize-space()='Continue']'.</msg>
<arg>${element}</arg>
<doc>Click the element identified by ``locator``.</doc>
<status status="PASS" start="2025-01-07T12:09:09.187522" elapsed="0.199040"/>
</kw>
<arg>${AccountCreatedPage['Continue_btn']}</arg>
<status status="PASS" start="2025-01-07T12:09:08.980880" elapsed="0.407682"/>
</kw>
<status status="PASS" start="2025-01-07T12:09:08.979664" elapsed="0.408898"/>
</kw>
<kw name="Then Verify that 'Logged in as username' is visible" owner="homePage">
<kw name="Key Verify That Expected Element Is Visible Successfully" owner="CustomSeleniumLibrary">
<kw name="Wait Until Page Contains Element" owner="SeleniumLibrary">
<arg>${element}</arg>
<doc>Waits until the element ``locator`` appears on the current page.</doc>
<status status="PASS" start="2025-01-07T12:09:09.399368" elapsed="4.971934"/>
</kw>
<kw name="Element Should Be Visible" owner="SeleniumLibrary">
<msg time="2025-01-07T12:09:14.396302" level="INFO">Element '//ul[@class='nav navbar-nav']/li/a/b' is displayed.</msg>
<arg>${element}</arg>
<doc>Verifies that the element identified by ``locator`` is visible.</doc>
<status status="PASS" start="2025-01-07T12:09:14.372302" elapsed="0.024000"/>
</kw>
<arg>${HomePage['Navigation_bar']['UserName_lnk']}</arg>
<status status="PASS" start="2025-01-07T12:09:09.395563" elapsed="5.003286"/>
</kw>
<status status="PASS" start="2025-01-07T12:09:09.394569" elapsed="5.004832"/>
</kw>
<kw name="Close All Browsers" owner="SeleniumLibrary" type="TEARDOWN">
<doc>Closes all open browsers and resets the browser cache.</doc>
<status status="PASS" start="2025-01-07T12:09:14.400536" elapsed="3.448168"/>
</kw>
<status status="PASS" start="2025-01-07T12:08:49.773957" elapsed="28.076761"/>
</test>
<test id="s1-t2" name="Scenario_02:User Login" line="43">
<kw name="Launch Browser and Land on Homepage" owner="homePage" type="SETUP">
<kw name="Launch browser" owner="homePage">
<kw name="Key Launch Browser" owner="CustomSeleniumLibrary">
<kw name="Evaluate" owner="BuiltIn">
<msg time="2025-01-07T12:09:17.868036" level="INFO">${options} = &lt;selenium.webdriver.chrome.options.Options object at 0x000002187EE51590&gt;</msg>
<var>${options}</var>
<arg>sys.modules['selenium.webdriver'].ChromeOptions()</arg>
<arg>sys, selenium.webdriver</arg>
<doc>Evaluates the given expression in Python and returns the result.</doc>
<status status="PASS" start="2025-01-07T12:09:17.867491" elapsed="0.001091"/>
</kw>
<kw name="Call Method" owner="BuiltIn">
<arg>${options}</arg>
<arg>add_argument</arg>
<arg>--headless</arg>
<doc>Calls the named method of the given object with the provided arguments.</doc>
<status status="PASS" start="2025-01-07T12:09:17.869774" elapsed="0.000550"/>
</kw>
<kw name="Call Method" owner="BuiltIn">
<arg>${options}</arg>
<arg>add_argument</arg>
<arg>--disable-gpu</arg>
<doc>Calls the named method of the given object with the provided arguments.</doc>
<status status="PASS" start="2025-01-07T12:09:17.870324" elapsed="0.000549"/>
</kw>
<kw name="Open Browser" owner="SeleniumLibrary">
<msg time="2025-01-07T12:09:17.871420" level="INFO">Opening browser 'Chrome' to base url 'None'.</msg>
<arg>${NONE}</arg>
<arg>${BROWSER}</arg>
<doc>Opens a new browser instance to the optional ``url``.</doc>
<status status="PASS" start="2025-01-07T12:09:17.870873" elapsed="2.512164"/>
</kw>
<kw name="Maximize Browser Window" owner="SeleniumLibrary">
<doc>Maximizes current browser window.</doc>
<status status="PASS" start="2025-01-07T12:09:20.385035" elapsed="0.155446"/>
</kw>
<kw name="Delete All Cookies" owner="SeleniumLibrary">
<doc>Deletes all cookies.</doc>
<status status="PASS" start="2025-01-07T12:09:20.540481" elapsed="0.039253"/>
</kw>
<arg>${BROWSER}</arg>
<status status="PASS" start="2025-01-07T12:09:17.866942" elapsed="2.712792"/>
</kw>
<status status="PASS" start="2025-01-07T12:09:17.866385" elapsed="2.714362"/>
</kw>
<kw name="Navigate to url 'http://automationexercise.com'" owner="homePage">
<kw name="Key Navigate To Url" owner="CustomSeleniumLibrary">
<kw name="Go To" owner="SeleniumLibrary">
<msg time="2025-01-07T12:09:20.584753" level="INFO">Opening url 'http://automationexercise.com'</msg>
<arg>${URL}</arg>
<doc>Navigates the current browser window to the provided ``url``.</doc>
<status status="PASS" start="2025-01-07T12:09:20.583736" elapsed="3.772523"/>
</kw>
<arg>${env['BASIC']['URL']}</arg>
<status status="PASS" start="2025-01-07T12:09:20.582746" elapsed="3.775918"/>
</kw>
<status status="PASS" start="2025-01-07T12:09:20.581743" elapsed="3.777481"/>
</kw>
<kw name="Verify that home page is visible successfully" owner="homePage">
<kw name="Key Verify That Expected Element Is Visible Successfully" owner="CustomSeleniumLibrary">
<kw name="Wait Until Page Contains Element" owner="SeleniumLibrary">
<arg>${element}</arg>
<doc>Waits until the element ``locator`` appears on the current page.</doc>
<status status="PASS" start="2025-01-07T12:09:24.362705" elapsed="0.023250"/>
</kw>
<kw name="Element Should Be Visible" owner="SeleniumLibrary">
<msg time="2025-01-07T12:09:24.423687" level="INFO">Element '//a[normalize-space()='Home']' is displayed.</msg>
<arg>${element}</arg>
<doc>Verifies that the element identified by ``locator`` is visible.</doc>
<status status="PASS" start="2025-01-07T12:09:24.385955" elapsed="0.037732"/>
</kw>
<arg>${HomePage['Navigation_bar']['Home_lnk']}</arg>
<status status="PASS" start="2025-01-07T12:09:24.361023" elapsed="0.065413"/>
</kw>
<status status="PASS" start="2025-01-07T12:09:24.359894" elapsed="0.067084"/>
</kw>
<kw name="Click on 'Signup / Login' button" owner="homePage">
<kw name="Key Click Any Button" owner="CustomSeleniumLibrary">
<kw name="Wait Until Element Is Visible" owner="SeleniumLibrary">
<arg>${element}</arg>
<doc>Waits until the element ``locator`` is visible.</doc>
<status status="PASS" start="2025-01-07T12:09:24.430270" elapsed="0.050888"/>
</kw>
<kw name="Wait Until Element Is Enabled" owner="SeleniumLibrary">
<arg>${element}</arg>
<doc>Waits until the element ``locator`` is enabled.</doc>
<status status="PASS" start="2025-01-07T12:09:24.482156" elapsed="0.062000"/>
</kw>
<kw name="Set Focus To Element" owner="SeleniumLibrary">
<arg>${element}</arg>
<doc>Sets the focus to the element identified by ``locator``.</doc>
<status status="PASS" start="2025-01-07T12:09:24.544156" elapsed="0.061340"/>
</kw>
<kw name="Click Element" owner="SeleniumLibrary">
<msg time="2025-01-07T12:09:24.606602" level="INFO">Clicking element '(//a[normalize-space()='Signup / Login'])[1]'.</msg>
<arg>${element}</arg>
<doc>Click the element identified by ``locator``.</doc>
<status status="PASS" start="2025-01-07T12:09:24.606046" elapsed="1.231591"/>
</kw>
<arg>${HomePage['Navigation_bar']['SignUp_Login_lnk']}</arg>
<status status="PASS" start="2025-01-07T12:09:24.428634" elapsed="1.411648"/>
</kw>
<status status="PASS" start="2025-01-07T12:09:24.427536" elapsed="1.413322"/>
</kw>
<status status="PASS" start="2025-01-07T12:09:17.865834" elapsed="7.975408"/>
</kw>
<kw name="Given Verify 'Login to your account' is visible" owner="loginPage">
<kw name="Key Verify Expected Text Is Visible" owner="CustomSeleniumLibrary">
<kw name="Wait Until Page Contains" owner="SeleniumLibrary">
<arg>${text}</arg>
<doc>Waits until ``text`` appears on the current page.</doc>
<status status="PASS" start="2025-01-07T12:09:25.844112" elapsed="0.025415"/>
</kw>
<kw name="Page Should Contain" owner="SeleniumLibrary">
<msg time="2025-01-07T12:09:25.947531" level="INFO">Current page contains text 'Login to your account'.</msg>
<arg>${text}</arg>
<doc>Verifies that current page contains ``text``.</doc>
<status status="PASS" start="2025-01-07T12:09:25.870530" elapsed="0.078001"/>
</kw>
<arg>Login to your account</arg>
<status status="PASS" start="2025-01-07T12:09:25.843561" elapsed="0.106491"/>
</kw>
<status status="PASS" start="2025-01-07T12:09:25.842349" elapsed="0.108252"/>
</kw>
<kw name="And Enter correct email address and password" owner="loginPage">
<kw name="Key Enter Username And Password" owner="CustomSeleniumLibrary">
<kw name="Key Input Text Into Text Field" owner="CustomSeleniumLibrary">
<kw name="Wait Until Page Contains Element" owner="SeleniumLibrary">
<arg>${element}</arg>
<doc>Waits until the element ``locator`` appears on the current page.</doc>
<status status="PASS" start="2025-01-07T12:09:25.959977" elapsed="0.314317"/>
</kw>
<kw name="Wait Until Element Is Visible" owner="SeleniumLibrary">
<arg>${element}</arg>
<doc>Waits until the element ``locator`` is visible.</doc>
<status status="PASS" start="2025-01-07T12:09:26.275298" elapsed="0.050002"/>
</kw>
<kw name="Wait Until Element Is Enabled" owner="SeleniumLibrary">
<arg>${element}</arg>
<doc>Waits until the element ``locator`` is enabled.</doc>
<status status="PASS" start="2025-01-07T12:09:26.325300" elapsed="0.054395"/>
</kw>
<kw name="Clear Element Text" owner="SeleniumLibrary">
<arg>${element}</arg>
<doc>Clears the value of the text-input-element identified by ``locator``.</doc>
<status status="PASS" start="2025-01-07T12:09:26.381692" elapsed="0.082097"/>
</kw>
<kw name="Input Text" owner="SeleniumLibrary">
<msg time="2025-01-07T12:09:26.464784" level="INFO">Typing text 'user12344@example.com' into text field '//input[@data-qa='login-email']'.</msg>
<arg>${element}</arg>
<arg>${text}</arg>
<doc>Types the given ``text`` into the text field identified by ``locator``.</doc>
<status status="PASS" start="2025-01-07T12:09:26.464784" elapsed="0.263460"/>
</kw>
<arg>${usr_element}</arg>
<arg>${username}</arg>
<status status="PASS" start="2025-01-07T12:09:25.958825" elapsed="0.770798"/>
</kw>
<kw name="Key Input Text Into Text Field" owner="CustomSeleniumLibrary">
<kw name="Wait Until Page Contains Element" owner="SeleniumLibrary">
<arg>${element}</arg>
<doc>Waits until the element ``locator`` appears on the current page.</doc>
<status status="PASS" start="2025-01-07T12:09:26.730722" elapsed="0.016104"/>
</kw>
<kw name="Wait Until Element Is Visible" owner="SeleniumLibrary">
<arg>${element}</arg>
<doc>Waits until the element ``locator`` is visible.</doc>
<status status="PASS" start="2025-01-07T12:09:26.746826" elapsed="0.018996"/>
</kw>
<kw name="Wait Until Element Is Enabled" owner="SeleniumLibrary">
<arg>${element}</arg>
<doc>Waits until the element ``locator`` is enabled.</doc>
<status status="PASS" start="2025-01-07T12:09:26.766828" elapsed="0.027994"/>
</kw>
<kw name="Clear Element Text" owner="SeleniumLibrary">
<arg>${element}</arg>
<doc>Clears the value of the text-input-element identified by ``locator``.</doc>
<status status="PASS" start="2025-01-07T12:09:26.795826" elapsed="0.050177"/>
</kw>
<kw name="Input Text" owner="SeleniumLibrary">
<msg time="2025-01-07T12:09:26.846998" level="INFO">Typing text 'pass4567' into text field '//input[@placeholder='Password']'.</msg>
<arg>${element}</arg>
<arg>${text}</arg>
<doc>Types the given ``text`` into the text field identified by ``locator``.</doc>
<status status="PASS" start="2025-01-07T12:09:26.846003" elapsed="0.175623"/>
</kw>
<arg>${password_element}</arg>
<arg>${password}</arg>
<status status="PASS" start="2025-01-07T12:09:26.730166" elapsed="0.293280"/>
</kw>
<arg>${LoginPage['Login_to_your_account']['Email_Address_txtbx']}</arg>
<arg>${env['CRED']['EMAIL']}</arg>
<arg>${LoginPage['Login_to_your_account']['Password_txtbx']}</arg>
<arg>${env['CRED']['PASSWORD']}</arg>
<status status="PASS" start="2025-01-07T12:09:25.953486" elapsed="1.070499"/>
</kw>
<status status="PASS" start="2025-01-07T12:09:25.952279" elapsed="1.071706"/>
</kw>
<kw name="And Click 'login' button" owner="loginPage">
<kw name="Key Click Any Button" owner="CustomSeleniumLibrary">
<kw name="Wait Until Element Is Visible" owner="SeleniumLibrary">
<arg>${element}</arg>
<doc>Waits until the element ``locator`` is visible.</doc>
<status status="PASS" start="2025-01-07T12:09:27.026657" elapsed="0.026491"/>
</kw>
<kw name="Wait Until Element Is Enabled" owner="SeleniumLibrary">
<arg>${element}</arg>
<doc>Waits until the element ``locator`` is enabled.</doc>
<status status="PASS" start="2025-01-07T12:09:27.054153" elapsed="0.027992"/>
</kw>
<kw name="Set Focus To Element" owner="SeleniumLibrary">
<arg>${element}</arg>
<doc>Sets the focus to the element identified by ``locator``.</doc>
<status status="PASS" start="2025-01-07T12:09:27.083137" elapsed="0.020008"/>
</kw>
<kw name="Click Element" owner="SeleniumLibrary">
<msg time="2025-01-07T12:09:27.104142" level="INFO">Clicking element '//button[normalize-space()='Login']'.</msg>
<arg>${element}</arg>
<doc>Click the element identified by ``locator``.</doc>
<status status="PASS" start="2025-01-07T12:09:27.104142" elapsed="2.418822"/>
</kw>
<arg>${LoginPage['Login_to_your_account']['Login_btn']}</arg>
<status status="PASS" start="2025-01-07T12:09:27.025591" elapsed="2.499230"/>
</kw>
<status status="PASS" start="2025-01-07T12:09:27.025041" elapsed="2.499780"/>
</kw>
<kw name="Then Verify that 'Logged in as username' is visible" owner="homePage">
<kw name="Key Verify That Expected Element Is Visible Successfully" owner="CustomSeleniumLibrary">
<kw name="Wait Until Page Contains Element" owner="SeleniumLibrary">
<arg>${element}</arg>
<doc>Waits until the element ``locator`` appears on the current page.</doc>
<status status="PASS" start="2025-01-07T12:09:29.528777" elapsed="0.023889"/>
</kw>
<kw name="Element Should Be Visible" owner="SeleniumLibrary">
<msg time="2025-01-07T12:09:29.580865" level="INFO">Element '//ul[@class='nav navbar-nav']/li/a/b' is displayed.</msg>
<arg>${element}</arg>
<doc>Verifies that the element identified by ``locator`` is visible.</doc>
<status status="PASS" start="2025-01-07T12:09:29.553722" elapsed="0.027143"/>
</kw>
<arg>${HomePage['Navigation_bar']['UserName_lnk']}</arg>
<status status="PASS" start="2025-01-07T12:09:29.526598" elapsed="0.056892"/>
</kw>
<status status="PASS" start="2025-01-07T12:09:29.525579" elapsed="0.058426"/>
</kw>
<kw name="Close All Browsers" owner="SeleniumLibrary" type="TEARDOWN">
<doc>Closes all open browsers and resets the browser cache.</doc>
<status status="PASS" start="2025-01-07T12:09:29.586022" elapsed="3.422399"/>
</kw>
<status status="PASS" start="2025-01-07T12:09:17.864707" elapsed="15.144721"/>
</test>
<test id="s1-t3" name="Scenario_03:User Logout" line="49">
<kw name="Launch Browser and Land on Homepage" owner="homePage" type="SETUP">
<kw name="Launch browser" owner="homePage">
<kw name="Key Launch Browser" owner="CustomSeleniumLibrary">
<kw name="Evaluate" owner="BuiltIn">
<msg time="2025-01-07T12:09:33.021781" level="INFO">${options} = &lt;selenium.webdriver.chrome.options.Options object at 0x000002187EE6CE50&gt;</msg>
<var>${options}</var>
<arg>sys.modules['selenium.webdriver'].ChromeOptions()</arg>
<arg>sys, selenium.webdriver</arg>
<doc>Evaluates the given expression in Python and returns the result.</doc>
<status status="PASS" start="2025-01-07T12:09:33.021248" elapsed="0.000533"/>
</kw>
<kw name="Call Method" owner="BuiltIn">
<arg>${options}</arg>
<arg>add_argument</arg>
<arg>--headless</arg>
<doc>Calls the named method of the given object with the provided arguments.</doc>
<status status="PASS" start="2025-01-07T12:09:33.023375" elapsed="0.001392"/>
</kw>
<kw name="Call Method" owner="BuiltIn">
<arg>${options}</arg>
<arg>add_argument</arg>
<arg>--disable-gpu</arg>
<doc>Calls the named method of the given object with the provided arguments.</doc>
<status status="PASS" start="2025-01-07T12:09:33.025453" elapsed="0.000535"/>
</kw>
<kw name="Open Browser" owner="SeleniumLibrary">
<msg time="2025-01-07T12:09:33.026508" level="INFO">Opening browser 'Chrome' to base url 'None'.</msg>
<arg>${NONE}</arg>
<arg>${BROWSER}</arg>
<doc>Opens a new browser instance to the optional ``url``.</doc>
<status status="PASS" start="2025-01-07T12:09:33.026508" elapsed="1.942388"/>
</kw>
<kw name="Maximize Browser Window" owner="SeleniumLibrary">
<doc>Maximizes current browser window.</doc>
<status status="PASS" start="2025-01-07T12:09:34.970891" elapsed="0.080330"/>
</kw>
<kw name="Delete All Cookies" owner="SeleniumLibrary">
<doc>Deletes all cookies.</doc>
<status status="PASS" start="2025-01-07T12:09:35.052222" elapsed="0.029932"/>
</kw>
<arg>${BROWSER}</arg>
<status status="PASS" start="2025-01-07T12:09:33.020715" elapsed="2.062448"/>
</kw>
<status status="PASS" start="2025-01-07T12:09:33.020173" elapsed="2.062990"/>
</kw>
<kw name="Navigate to url 'http://automationexercise.com'" owner="homePage">
<kw name="Key Navigate To Url" owner="CustomSeleniumLibrary">
<kw name="Go To" owner="SeleniumLibrary">
<msg time="2025-01-07T12:09:35.089667" level="INFO">Opening url 'http://automationexercise.com'</msg>
<arg>${URL}</arg>
<doc>Navigates the current browser window to the provided ``url``.</doc>
<status status="PASS" start="2025-01-07T12:09:35.089667" elapsed="3.125948"/>
</kw>
<arg>${env['BASIC']['URL']}</arg>
<status status="PASS" start="2025-01-07T12:09:35.087154" elapsed="3.130610"/>
</kw>
<status status="PASS" start="2025-01-07T12:09:35.084166" elapsed="3.134169"/>
</kw>
<kw name="Verify that home page is visible successfully" owner="homePage">
<kw name="Key Verify That Expected Element Is Visible Successfully" owner="CustomSeleniumLibrary">
<kw name="Wait Until Page Contains Element" owner="SeleniumLibrary">
<arg>${element}</arg>
<doc>Waits until the element ``locator`` appears on the current page.</doc>
<status status="PASS" start="2025-01-07T12:09:38.222016" elapsed="0.051811"/>
</kw>
<kw name="Element Should Be Visible" owner="SeleniumLibrary">
<msg time="2025-01-07T12:09:38.335010" level="INFO">Element '//a[normalize-space()='Home']' is displayed.</msg>
<arg>${element}</arg>
<doc>Verifies that the element identified by ``locator`` is visible.</doc>
<status status="PASS" start="2025-01-07T12:09:38.273827" elapsed="0.062196"/>
</kw>
<arg>${HomePage['Navigation_bar']['Home_lnk']}</arg>
<status status="PASS" start="2025-01-07T12:09:38.219648" elapsed="0.119080"/>
</kw>
<status status="PASS" start="2025-01-07T12:09:38.218335" elapsed="0.121495"/>
</kw>
<kw name="Click on 'Signup / Login' button" owner="homePage">
<kw name="Key Click Any Button" owner="CustomSeleniumLibrary">
<kw name="Wait Until Element Is Visible" owner="SeleniumLibrary">
<arg>${element}</arg>
<doc>Waits until the element ``locator`` is visible.</doc>
<status status="PASS" start="2025-01-07T12:09:38.345757" elapsed="0.064096"/>
</kw>
<kw name="Wait Until Element Is Enabled" owner="SeleniumLibrary">
<arg>${element}</arg>
<doc>Waits until the element ``locator`` is enabled.</doc>
<status status="PASS" start="2025-01-07T12:09:38.410850" elapsed="0.064375"/>
</kw>
<kw name="Set Focus To Element" owner="SeleniumLibrary">
<arg>${element}</arg>
<doc>Sets the focus to the element identified by ``locator``.</doc>
<status status="PASS" start="2025-01-07T12:09:38.476219" elapsed="0.055001"/>
</kw>
<kw name="Click Element" owner="SeleniumLibrary">
<msg time="2025-01-07T12:09:38.533220" level="INFO">Clicking element '(//a[normalize-space()='Signup / Login'])[1]'.</msg>
<arg>${element}</arg>
<doc>Click the element identified by ``locator``.</doc>
<status status="PASS" start="2025-01-07T12:09:38.532217" elapsed="1.156572"/>
</kw>
<arg>${HomePage['Navigation_bar']['SignUp_Login_lnk']}</arg>
<status status="PASS" start="2025-01-07T12:09:38.342919" elapsed="1.348709"/>
</kw>
<status status="PASS" start="2025-01-07T12:09:38.340990" elapsed="1.351223"/>
</kw>
<status status="PASS" start="2025-01-07T12:09:33.019636" elapsed="6.673187"/>
</kw>
<kw name="Given Verify 'Login to your account' is visible" owner="loginPage">
<kw name="Key Verify Expected Text Is Visible" owner="CustomSeleniumLibrary">
<kw name="Wait Until Page Contains" owner="SeleniumLibrary">
<arg>${text}</arg>
<doc>Waits until ``text`` appears on the current page.</doc>
<status status="PASS" start="2025-01-07T12:09:39.696605" elapsed="0.073438"/>
</kw>
<kw name="Page Should Contain" owner="SeleniumLibrary">
<msg time="2025-01-07T12:09:40.468290" level="INFO">Current page contains text 'Login to your account'.</msg>
<arg>${text}</arg>
<doc>Verifies that current page contains ``text``.</doc>
<status status="PASS" start="2025-01-07T12:09:39.772037" elapsed="0.696253"/>
</kw>
<arg>Login to your account</arg>
<status status="PASS" start="2025-01-07T12:09:39.695435" elapsed="0.776858"/>
</kw>
<status status="PASS" start="2025-01-07T12:09:39.694141" elapsed="0.778152"/>
</kw>
<kw name="When Enter correct email address and password" owner="loginPage">
<kw name="Key Enter Username And Password" owner="CustomSeleniumLibrary">
<kw name="Key Input Text Into Text Field" owner="CustomSeleniumLibrary">
<kw name="Wait Until Page Contains Element" owner="SeleniumLibrary">
<arg>${element}</arg>
<doc>Waits until the element ``locator`` appears on the current page.</doc>
<status status="PASS" start="2025-01-07T12:09:40.485470" elapsed="0.069002"/>
</kw>
<kw name="Wait Until Element Is Visible" owner="SeleniumLibrary">
<arg>${element}</arg>
<doc>Waits until the element ``locator`` is visible.</doc>
<status status="PASS" start="2025-01-07T12:09:40.555474" elapsed="0.061789"/>
</kw>
<kw name="Wait Until Element Is Enabled" owner="SeleniumLibrary">
<arg>${element}</arg>
<doc>Waits until the element ``locator`` is enabled.</doc>
<status status="PASS" start="2025-01-07T12:09:40.617263" elapsed="0.051812"/>
</kw>
<kw name="Clear Element Text" owner="SeleniumLibrary">
<arg>${element}</arg>
<doc>Clears the value of the text-input-element identified by ``locator``.</doc>
<status status="PASS" start="2025-01-07T12:09:40.670074" elapsed="0.096110"/>
</kw>
<kw name="Input Text" owner="SeleniumLibrary">
<msg time="2025-01-07T12:09:40.768189" level="INFO">Typing text 'user12344@example.com' into text field '//input[@data-qa='login-email']'.</msg>
<arg>${element}</arg>
<arg>${text}</arg>
<doc>Types the given ``text`` into the text field identified by ``locator``.</doc>
<status status="PASS" start="2025-01-07T12:09:40.767184" elapsed="0.279522"/>
</kw>
<arg>${usr_element}</arg>
<arg>${username}</arg>
<status status="PASS" start="2025-01-07T12:09:40.483479" elapsed="0.565578"/>
</kw>
<kw name="Key Input Text Into Text Field" owner="CustomSeleniumLibrary">
<kw name="Wait Until Page Contains Element" owner="SeleniumLibrary">
<arg>${element}</arg>
<doc>Waits until the element ``locator`` appears on the current page.</doc>
<status status="PASS" start="2025-01-07T12:09:41.050720" elapsed="0.019452"/>
</kw>
<kw name="Wait Until Element Is Visible" owner="SeleniumLibrary">
<arg>${element}</arg>
<doc>Waits until the element ``locator`` is visible.</doc>
<status status="PASS" start="2025-01-07T12:09:41.071174" elapsed="0.023999"/>
</kw>
<kw name="Wait Until Element Is Enabled" owner="SeleniumLibrary">
<arg>${element}</arg>
<doc>Waits until the element ``locator`` is enabled.</doc>
<status status="PASS" start="2025-01-07T12:09:41.096172" elapsed="0.033999"/>
</kw>
<kw name="Clear Element Text" owner="SeleniumLibrary">
<arg>${element}</arg>
<doc>Clears the value of the text-input-element identified by ``locator``.</doc>
<status status="PASS" start="2025-01-07T12:09:41.131179" elapsed="0.048993"/>
</kw>
<kw name="Input Text" owner="SeleniumLibrary">
<msg time="2025-01-07T12:09:41.181165" level="INFO">Typing text 'pass4567' into text field '//input[@placeholder='Password']'.</msg>
<arg>${element}</arg>
<arg>${text}</arg>
<doc>Types the given ``text`` into the text field identified by ``locator``.</doc>
<status status="PASS" start="2025-01-07T12:09:41.181165" elapsed="0.190099"/>
</kw>
<arg>${password_element}</arg>
<arg>${password}</arg>
<status status="PASS" start="2025-01-07T12:09:41.049623" elapsed="0.323507"/>
</kw>
<arg>${LoginPage['Login_to_your_account']['Email_Address_txtbx']}</arg>
<arg>${env['CRED']['EMAIL']}</arg>
<arg>${LoginPage['Login_to_your_account']['Password_txtbx']}</arg>
<arg>${env['CRED']['PASSWORD']}</arg>
<status status="PASS" start="2025-01-07T12:09:40.475480" elapsed="0.898068"/>
</kw>
<status status="PASS" start="2025-01-07T12:09:40.474450" elapsed="0.899611"/>
</kw>
<kw name="And Click 'Login' button" owner="loginPage">
<kw name="Key Click Any Button" owner="CustomSeleniumLibrary">
<kw name="Wait Until Element Is Visible" owner="SeleniumLibrary">
<arg>${element}</arg>
<doc>Waits until the element ``locator`` is visible.</doc>
<status status="PASS" start="2025-01-07T12:09:41.376880" elapsed="0.033068"/>
</kw>
<kw name="Wait Until Element Is Enabled" owner="SeleniumLibrary">
<arg>${element}</arg>
<doc>Waits until the element ``locator`` is enabled.</doc>
<status status="PASS" start="2025-01-07T12:09:41.410959" elapsed="0.034010"/>
</kw>
<kw name="Set Focus To Element" owner="SeleniumLibrary">
<arg>${element}</arg>
<doc>Sets the focus to the element identified by ``locator``.</doc>
<status status="PASS" start="2025-01-07T12:09:41.444969" elapsed="0.024727"/>
</kw>
<kw name="Click Element" owner="SeleniumLibrary">
<msg time="2025-01-07T12:09:41.470696" level="INFO">Clicking element '//button[normalize-space()='Login']'.</msg>
<arg>${element}</arg>
<doc>Click the element identified by ``locator``.</doc>
<status status="PASS" start="2025-01-07T12:09:41.469696" elapsed="2.126120"/>
</kw>
<arg>${LoginPage['Login_to_your_account']['Login_btn']}</arg>
<status status="PASS" start="2025-01-07T12:09:41.375750" elapsed="2.221836"/>
</kw>
<status status="PASS" start="2025-01-07T12:09:41.374553" elapsed="2.223586"/>
</kw>
<kw name="And Verify that 'Logged in as username' is visible" owner="homePage">
<kw name="Key Verify That Expected Element Is Visible Successfully" owner="CustomSeleniumLibrary">
<kw name="Wait Until Page Contains Element" owner="SeleniumLibrary">
<arg>${element}</arg>
<doc>Waits until the element ``locator`` appears on the current page.</doc>
<status status="PASS" start="2025-01-07T12:09:43.600914" elapsed="0.023443"/>
</kw>
<kw name="Element Should Be Visible" owner="SeleniumLibrary">
<msg time="2025-01-07T12:09:43.648357" level="INFO">Element '//ul[@class='nav navbar-nav']/li/a/b' is displayed.</msg>
<arg>${element}</arg>
<doc>Verifies that the element identified by ``locator`` is visible.</doc>
<status status="PASS" start="2025-01-07T12:09:43.625353" elapsed="0.023004"/>
</kw>
<arg>${HomePage['Navigation_bar']['UserName_lnk']}</arg>
<status status="PASS" start="2025-01-07T12:09:43.599253" elapsed="0.051102"/>
</kw>
<status status="PASS" start="2025-01-07T12:09:43.598694" elapsed="0.052265"/>
</kw>
<kw name="Then Click on 'Logout' button" owner="homePage">
<kw name="Key Click Any Button" owner="CustomSeleniumLibrary">
<kw name="Wait Until Element Is Visible" owner="SeleniumLibrary">
<arg>${element}</arg>
<doc>Waits until the element ``locator`` is visible.</doc>
<status status="PASS" start="2025-01-07T12:09:43.654475" elapsed="0.030466"/>
</kw>
<kw name="Wait Until Element Is Enabled" owner="SeleniumLibrary">
<arg>${element}</arg>
<doc>Waits until the element ``locator`` is enabled.</doc>
<status status="PASS" start="2025-01-07T12:09:43.684941" elapsed="0.032002"/>
</kw>
<kw name="Set Focus To Element" owner="SeleniumLibrary">
<arg>${element}</arg>
<doc>Sets the focus to the element identified by ``locator``.</doc>
<status status="PASS" start="2025-01-07T12:09:43.717937" elapsed="0.069108"/>
</kw>
<kw name="Click Element" owner="SeleniumLibrary">
<msg time="2025-01-07T12:09:43.789046" level="INFO">Clicking element '//a[normalize-space()='Logout']'.</msg>
<arg>${element}</arg>
<doc>Click the element identified by ``locator``.</doc>
<status status="PASS" start="2025-01-07T12:09:43.788046" elapsed="2.187852"/>
</kw>
<arg>${HomePage['Navigation_bar']['Logout_lnk']}</arg>
<status status="PASS" start="2025-01-07T12:09:43.653378" elapsed="2.324995"/>
</kw>
<status status="PASS" start="2025-01-07T12:09:43.652276" elapsed="2.326097"/>
</kw>
<kw name="Close All Browsers" owner="SeleniumLibrary" type="TEARDOWN">
[...]
</kw>
<arg>${HomePage['Navigation_bar']['Products_lnk']}</arg>
<status status="PASS" start="2025-01-07T12:12:03.996786" elapsed="0.538402"/>
</kw>
<status status="PASS" start="2025-01-07T12:12:03.995711" elapsed="0.540472"/>
</kw>
<kw name="When Verify user is navigated to ALL PRODUCTS page successfully" owner="productsPage">
<kw name="Key Verify Expected Text Is Visible" owner="CustomSeleniumLibrary">
<kw name="Wait Until Page Contains" owner="SeleniumLibrary">
<arg>${text}</arg>
<doc>Waits until ``text`` appears on the current page.</doc>
<status status="PASS" start="2025-01-07T12:12:04.547769" elapsed="4.914176"/>
</kw>
<kw name="Page Should Contain" owner="SeleniumLibrary">
<msg time="2025-01-07T12:12:09.657316" level="INFO">Current page contains text 'All Products'.</msg>
<arg>${text}</arg>
<doc>Verifies that current page contains ``text``.</doc>
<status status="PASS" start="2025-01-07T12:12:09.463946" elapsed="0.193370"/>
</kw>
<arg>All Products</arg>
<status status="PASS" start="2025-01-07T12:12:04.547251" elapsed="5.111063"/>
</kw>
<status status="PASS" start="2025-01-07T12:12:04.544187" elapsed="5.115129"/>
</kw>
<kw name="And The products list is visible" owner="productsPage">
<kw name="Key get product list" owner="CustomSeleniumLibrary">
<kw name="Get WebElements" owner="SeleniumLibrary">
<msg time="2025-01-07T12:12:09.774676" level="INFO">${item_elements} = [&lt;selenium.webdriver.remote.webelement.WebElement (session="1a95861f8df4da3d8d222605ef604089", element="f.F84F866257485C994CB1C42E3AD20CFA.d.6BB8FCB52E4B8FEAB4691BBD0A132525.e.132")&gt;, &lt;selenium.webdri...</msg>
<var>${item_elements}</var>
<arg>${locator}</arg>
<doc>Returns a list of WebElement objects matching the ``locator``.</doc>
<status status="PASS" start="2025-01-07T12:12:09.670954" elapsed="0.103722"/>
</kw>
<kw name="Get Length" owner="BuiltIn">
<msg time="2025-01-07T12:12:09.776678" level="INFO">Length is 34.</msg>
<msg time="2025-01-07T12:12:09.776678" level="INFO">${item_count} = 34</msg>
<var>${item_count}</var>
<arg>${item_elements}</arg>
<doc>Returns and logs the length of the given item as an integer.</doc>
<status status="PASS" start="2025-01-07T12:12:09.776678" elapsed="0.001004"/>
</kw>
<kw name="Should Be Equal As Strings" owner="BuiltIn">
<msg time="2025-01-07T12:12:09.784568" level="INFO">Argument types are:
&lt;class 'str'&gt;
&lt;class 'int'&gt;</msg>
<arg>${count}</arg>
<arg>${item_count}</arg>
<doc>Fails if objects are unequal after converting them to strings.</doc>
<status status="PASS" start="2025-01-07T12:12:09.783568" elapsed="0.001000"/>
</kw>
<arg>${ProdutsPage['AllProducts_lst']}</arg>
<arg>34</arg>
<status status="PASS" start="2025-01-07T12:12:09.660862" elapsed="0.126582"/>
</kw>
<status status="PASS" start="2025-01-07T12:12:09.659844" elapsed="0.127600"/>
</kw>
<kw name="And Click on 'View Product' of first product" owner="productdetailsPage">
<kw name="Key Click Any Button" owner="CustomSeleniumLibrary">
<kw name="Wait Until Element Is Visible" owner="SeleniumLibrary">
<arg>${element}</arg>
<doc>Waits until the element ``locator`` is visible.</doc>
<status status="PASS" start="2025-01-07T12:12:09.794329" elapsed="0.095684"/>
</kw>
<kw name="Wait Until Element Is Enabled" owner="SeleniumLibrary">
<arg>${element}</arg>
<doc>Waits until the element ``locator`` is enabled.</doc>
<status status="PASS" start="2025-01-07T12:12:09.891012" elapsed="0.070003"/>
</kw>
<kw name="Set Focus To Element" owner="SeleniumLibrary">
<arg>${element}</arg>
<doc>Sets the focus to the element identified by ``locator``.</doc>
<status status="PASS" start="2025-01-07T12:12:09.962017" elapsed="0.049996"/>
</kw>
<kw name="Click Element" owner="SeleniumLibrary">
<msg time="2025-01-07T12:12:10.015015" level="INFO">Clicking element '(//div[@class='col-sm-4']//ul/li/a)[1]'.</msg>
<arg>${element}</arg>
<doc>Click the element identified by ``locator``.</doc>
<status status="PASS" start="2025-01-07T12:12:10.013013" elapsed="1.644915"/>
</kw>
<arg>${ProdutsPage['View_Product_btn']}</arg>
<status status="PASS" start="2025-01-07T12:12:09.790316" elapsed="1.869463"/>
</kw>
<status status="PASS" start="2025-01-07T12:12:09.790316" elapsed="1.869979"/>
</kw>
<kw name="Then Verify that detail detail is visible: product name, category, price, availability, condition, brand" owner="productdetailsPage">
<kw name="Get Text" owner="SeleniumLibrary">
<msg time="2025-01-07T12:12:11.714016" level="INFO">${productname} = Blue Top</msg>
<var>${productname}</var>
<arg>${ProdutsdetailsPage['productName_txt']}</arg>
<doc>Returns the text value of the element identified by ``locator``.</doc>
<status status="PASS" start="2025-01-07T12:12:11.662829" elapsed="0.052191"/>
</kw>
<kw name="Should Be Equal As Strings" owner="BuiltIn">
<arg>${productname}</arg>
<arg>Blue Top</arg>
<doc>Fails if objects are unequal after converting them to strings.</doc>
<status status="PASS" start="2025-01-07T12:12:11.729422" elapsed="0.014542"/>
</kw>
<kw name="Get Text" owner="SeleniumLibrary">
<msg time="2025-01-07T12:12:11.822864" level="INFO">${category} = Category: Women &gt; Tops</msg>
<var>${category}</var>
<arg>${ProdutsdetailsPage['productCategory_txt']}</arg>
<doc>Returns the text value of the element identified by ``locator``.</doc>
<status status="PASS" start="2025-01-07T12:12:11.752585" elapsed="0.070279"/>
</kw>
<kw name="Should Be Equal As Strings" owner="BuiltIn">
<arg>${category}</arg>
<arg>Category: Women &gt; Tops</arg>
<doc>Fails if objects are unequal after converting them to strings.</doc>
<status status="PASS" start="2025-01-07T12:12:11.824703" elapsed="0.001068"/>
</kw>
<kw name="Get Text" owner="SeleniumLibrary">
<msg time="2025-01-07T12:12:11.881443" level="INFO">${price} = Rs. 500</msg>
<var>${price}</var>
<arg>${ProdutsdetailsPage['productPrice_txt']}</arg>
<doc>Returns the text value of the element identified by ``locator``.</doc>
<status status="PASS" start="2025-01-07T12:12:11.826902" elapsed="0.054541"/>
</kw>
<kw name="Should Be Equal As Strings" owner="BuiltIn">
<arg>${price}</arg>
<arg>Rs. 500</arg>
<doc>Fails if objects are unequal after converting them to strings.</doc>
<status status="PASS" start="2025-01-07T12:12:11.884187" elapsed="0.000561"/>
</kw>
<kw name="Get Text" owner="SeleniumLibrary">
<msg time="2025-01-07T12:12:11.924983" level="INFO">${availability} = Availability: In Stock</msg>
<var>${availability}</var>
<arg>${ProdutsdetailsPage['productAvailability_txt']}</arg>
<doc>Returns the text value of the element identified by ``locator``.</doc>
<status status="PASS" start="2025-01-07T12:12:11.885306" elapsed="0.039677"/>
</kw>
<kw name="Should Be Equal As Strings" owner="BuiltIn">
<arg>${availability}</arg>
<arg>Availability: In Stock</arg>
<doc>Fails if objects are unequal after converting them to strings.</doc>
<status status="PASS" start="2025-01-07T12:12:11.927672" elapsed="0.001364"/>
</kw>
<kw name="Get Text" owner="SeleniumLibrary">
<msg time="2025-01-07T12:12:11.964673" level="INFO">${condition} = Condition: New</msg>
<var>${condition}</var>
<arg>${ProdutsdetailsPage['productCondition_txt']}</arg>
<doc>Returns the text value of the element identified by ``locator``.</doc>
<status status="PASS" start="2025-01-07T12:12:11.929601" elapsed="0.036075"/>
</kw>
<kw name="Should Be Equal As Strings" owner="BuiltIn">
<arg>${condition}</arg>
<arg>Condition: New</arg>
<doc>Fails if objects are unequal after converting them to strings.</doc>
<status status="PASS" start="2025-01-07T12:12:11.967496" elapsed="0.000000"/>
</kw>
<kw name="Get Text" owner="SeleniumLibrary">
<msg time="2025-01-07T12:12:12.001271" level="INFO">${brand} = Brand: Polo</msg>
<var>${brand}</var>
<arg>${ProdutsdetailsPage['productBrand_txt']}</arg>
<doc>Returns the text value of the element identified by ``locator``.</doc>
<status status="PASS" start="2025-01-07T12:12:11.968865" elapsed="0.032406"/>
</kw>
<kw name="Should Be Equal As Strings" owner="BuiltIn">
<arg>${brand}</arg>
<arg>Brand: Polo</arg>
<doc>Fails if objects are unequal after converting them to strings.</doc>
<status status="PASS" start="2025-01-07T12:12:12.003295" elapsed="0.001110"/>
</kw>
<status status="PASS" start="2025-01-07T12:12:11.661187" elapsed="0.343772"/>
</kw>
<kw name="Close All Browsers" owner="SeleniumLibrary" type="TEARDOWN">
<doc>Closes all open browsers and resets the browser cache.</doc>
<status status="PASS" start="2025-01-07T12:12:12.006043" elapsed="2.374901"/>
</kw>
<tag>New</tag>
<status status="PASS" start="2025-01-07T12:11:54.303923" elapsed="20.078030"/>
</test>
<test id="s1-t11" name="Scenario_11:Verify Subscription in home page" line="108">
<kw name="Launch Browser and Land on Homepage" owner="homePage" type="SETUP">
<kw name="Launch browser" owner="homePage">
<kw name="Key Launch Browser" owner="CustomSeleniumLibrary">
<kw name="Evaluate" owner="BuiltIn">
<msg time="2025-01-07T12:12:14.392792" level="INFO">${options} = &lt;selenium.webdriver.chrome.options.Options object at 0x000002187EE8AAD0&gt;</msg>
<var>${options}</var>
<arg>sys.modules['selenium.webdriver'].ChromeOptions()</arg>
<arg>sys, selenium.webdriver</arg>
<doc>Evaluates the given expression in Python and returns the result.</doc>
<status status="PASS" start="2025-01-07T12:12:14.392246" elapsed="0.000546"/>
</kw>
<kw name="Call Method" owner="BuiltIn">
<arg>${options}</arg>
<arg>add_argument</arg>
<arg>--headless</arg>
<doc>Calls the named method of the given object with the provided arguments.</doc>
<status status="PASS" start="2025-01-07T12:12:14.394483" elapsed="0.001044"/>
</kw>
<kw name="Call Method" owner="BuiltIn">
<arg>${options}</arg>
<arg>add_argument</arg>
<arg>--disable-gpu</arg>
<doc>Calls the named method of the given object with the provided arguments.</doc>
<status status="PASS" start="2025-01-07T12:12:14.396065" elapsed="0.000000"/>
</kw>
<kw name="Open Browser" owner="SeleniumLibrary">
<msg time="2025-01-07T12:12:14.397352" level="INFO">Opening browser 'Chrome' to base url 'None'.</msg>
<arg>${NONE}</arg>
<arg>${BROWSER}</arg>
<doc>Opens a new browser instance to the optional ``url``.</doc>
<status status="PASS" start="2025-01-07T12:12:14.396604" elapsed="2.689184"/>
</kw>
<kw name="Maximize Browser Window" owner="SeleniumLibrary">
<doc>Maximizes current browser window.</doc>
<status status="PASS" start="2025-01-07T12:12:17.087786" elapsed="0.055002"/>
</kw>
<kw name="Delete All Cookies" owner="SeleniumLibrary">
<doc>Deletes all cookies.</doc>
<status status="PASS" start="2025-01-07T12:12:17.143446" elapsed="0.018923"/>
</kw>
<arg>${BROWSER}</arg>
<status status="PASS" start="2025-01-07T12:12:14.391707" elapsed="2.770662"/>
</kw>
<status status="PASS" start="2025-01-07T12:12:14.391167" elapsed="2.771202"/>
</kw>
<kw name="Navigate to url 'http://automationexercise.com'" owner="homePage">
<kw name="Key Navigate To Url" owner="CustomSeleniumLibrary">
<kw name="Go To" owner="SeleniumLibrary">
<msg time="2025-01-07T12:12:17.165370" level="INFO">Opening url 'http://automationexercise.com'</msg>
<arg>${URL}</arg>
<doc>Navigates the current browser window to the provided ``url``.</doc>
<status status="PASS" start="2025-01-07T12:12:17.165370" elapsed="3.775990"/>
</kw>
<arg>${env['BASIC']['URL']}</arg>
<status status="PASS" start="2025-01-07T12:12:17.163364" elapsed="3.780195"/>
</kw>
<status status="PASS" start="2025-01-07T12:12:17.163364" elapsed="3.780195"/>
</kw>
<kw name="Verify that home page is visible successfully" owner="homePage">
<kw name="Key Verify That Expected Element Is Visible Successfully" owner="CustomSeleniumLibrary">
<kw name="Wait Until Page Contains Element" owner="SeleniumLibrary">
<arg>${element}</arg>
<doc>Waits until the element ``locator`` appears on the current page.</doc>
<status status="PASS" start="2025-01-07T12:12:20.945187" elapsed="0.018275"/>
</kw>
<kw name="Element Should Be Visible" owner="SeleniumLibrary">
<msg time="2025-01-07T12:12:20.992463" level="INFO">Element '//a[normalize-space()='Home']' is displayed.</msg>
<arg>${element}</arg>
<doc>Verifies that the element identified by ``locator`` is visible.</doc>
<status status="PASS" start="2025-01-07T12:12:20.964458" elapsed="0.028005"/>
</kw>
<arg>${HomePage['Navigation_bar']['Home_lnk']}</arg>
<status status="PASS" start="2025-01-07T12:12:20.944646" elapsed="0.049466"/>
</kw>
<status status="PASS" start="2025-01-07T12:12:20.944103" elapsed="0.050558"/>
</kw>
<kw name="Click on 'Signup / Login' button" owner="homePage">
<kw name="Key Click Any Button" owner="CustomSeleniumLibrary">
<kw name="Wait Until Element Is Visible" owner="SeleniumLibrary">
<arg>${element}</arg>
<doc>Waits until the element ``locator`` is visible.</doc>
<status status="PASS" start="2025-01-07T12:12:20.996859" elapsed="0.028691"/>
</kw>
<kw name="Wait Until Element Is Enabled" owner="SeleniumLibrary">
<arg>${element}</arg>
<doc>Waits until the element ``locator`` is enabled.</doc>
<status status="PASS" start="2025-01-07T12:12:21.026552" elapsed="0.040006"/>
</kw>
<kw name="Set Focus To Element" owner="SeleniumLibrary">
<arg>${element}</arg>
<doc>Sets the focus to the element identified by ``locator``.</doc>
<status status="PASS" start="2025-01-07T12:12:21.066558" elapsed="0.043997"/>
</kw>
<kw name="Click Element" owner="SeleniumLibrary">
<msg time="2025-01-07T12:12:21.112558" level="INFO">Clicking element '(//a[normalize-space()='Signup / Login'])[1]'.</msg>
<arg>${element}</arg>
<doc>Click the element identified by ``locator``.</doc>
<status status="PASS" start="2025-01-07T12:12:21.111564" elapsed="1.324083"/>
</kw>
<arg>${HomePage['Navigation_bar']['SignUp_Login_lnk']}</arg>
<status status="PASS" start="2025-01-07T12:12:20.995741" elapsed="1.443752"/>
</kw>
<status status="PASS" start="2025-01-07T12:12:20.995201" elapsed="1.444856"/>
</kw>
<status status="PASS" start="2025-01-07T12:12:14.391167" elapsed="8.049442"/>
</kw>
<kw name="Given Scroll down to footer" owner="homePage">
<kw name="Key Scroll To Element" owner="CustomSeleniumLibrary">
<kw name="Scroll Element Into View" owner="SeleniumLibrary">
<arg>${element}</arg>
<doc>Scrolls the element identified by ``locator`` into view.</doc>
<status status="PASS" start="2025-01-07T12:12:22.445651" elapsed="2.997135"/>
</kw>
<arg>${HomePage['Footer']['Subscription_txt']}</arg>
<status status="PASS" start="2025-01-07T12:12:22.442629" elapsed="3.001160"/>
</kw>
<status status="PASS" start="2025-01-07T12:12:22.442088" elapsed="3.001701"/>
</kw>
<kw name="When Verify text 'SUBSCRIPTION'" owner="homePage">
<kw name="Key Verify Expected Text Is Visible" owner="CustomSeleniumLibrary">
<kw name="Wait Until Page Contains" owner="SeleniumLibrary">
<arg>${text}</arg>
<doc>Waits until ``text`` appears on the current page.</doc>
<status status="PASS" start="2025-01-07T12:12:25.445803" elapsed="0.018981"/>
</kw>
<kw name="Page Should Contain" owner="SeleniumLibrary">
<msg time="2025-01-07T12:12:25.481784" level="INFO">Current page contains text 'Subscription'.</msg>
<arg>${text}</arg>
<doc>Verifies that current page contains ``text``.</doc>
<status status="PASS" start="2025-01-07T12:12:25.465786" elapsed="0.016998"/>
</kw>
<arg>Subscription</arg>
<status status="PASS" start="2025-01-07T12:12:25.444788" elapsed="0.039706"/>
</kw>
<status status="PASS" start="2025-01-07T12:12:25.444788" elapsed="0.040222"/>
</kw>
<kw name="And Enter email address in input and click arrow button" owner="homePage">
<kw name="Key Input Text Into Text Field" owner="CustomSeleniumLibrary">
<kw name="Wait Until Page Contains Element" owner="SeleniumLibrary">
<arg>${element}</arg>
<doc>Waits until the element ``locator`` appears on the current page.</doc>
<status status="PASS" start="2025-01-07T12:12:25.490001" elapsed="0.031301"/>
</kw>
<kw name="Wait Until Element Is Visible" owner="SeleniumLibrary">
<arg>${element}</arg>
<doc>Waits until the element ``locator`` is visible.</doc>
<status status="PASS" start="2025-01-07T12:12:25.521302" elapsed="0.026016"/>
</kw>
<kw name="Wait Until Element Is Enabled" owner="SeleniumLibrary">
<arg>${element}</arg>
<doc>Waits until the element ``locator`` is enabled.</doc>
<status status="PASS" start="2025-01-07T12:12:25.548319" elapsed="0.038186"/>
</kw>
<kw name="Clear Element Text" owner="SeleniumLibrary">
<arg>${element}</arg>
<doc>Clears the value of the text-input-element identified by ``locator``.</doc>
<status status="PASS" start="2025-01-07T12:12:25.588031" elapsed="0.098591"/>
</kw>
<kw name="Input Text" owner="SeleniumLibrary">
<msg time="2025-01-07T12:12:25.688627" level="INFO">Typing text 'user12344@example.com' into text field '//input[@id='susbscribe_email']'.</msg>
<arg>${element}</arg>
<arg>${text}</arg>
<doc>Types the given ``text`` into the text field identified by ``locator``.</doc>
<status status="PASS" start="2025-01-07T12:12:25.687628" elapsed="0.323265"/>
</kw>
<arg>${HomePage['Footer']['EmailAddress_txtbx']}</arg>
<arg>${env['CRED']['EMAIL']}</arg>
<status status="PASS" start="2025-01-07T12:12:25.487344" elapsed="0.525180"/>
</kw>
<kw name="Key Click Any Button" owner="CustomSeleniumLibrary">
<kw name="Wait Until Element Is Visible" owner="SeleniumLibrary">
<arg>${element}</arg>
<doc>Waits until the element ``locator`` is visible.</doc>
<status status="PASS" start="2025-01-07T12:12:26.014802" elapsed="0.036797"/>
</kw>
<kw name="Wait Until Element Is Enabled" owner="SeleniumLibrary">
<arg>${element}</arg>
<doc>Waits until the element ``locator`` is enabled.</doc>
<status status="PASS" start="2025-01-07T12:12:26.051599" elapsed="0.039005"/>
</kw>
<kw name="Set Focus To Element" owner="SeleniumLibrary">
<arg>${element}</arg>
<doc>Sets the focus to the element identified by ``locator``.</doc>
<status status="PASS" start="2025-01-07T12:12:26.090604" elapsed="0.030000"/>
</kw>
<kw name="Click Element" owner="SeleniumLibrary">
<msg time="2025-01-07T12:12:26.121604" level="INFO">Clicking element '//button[@id='subscribe']'.</msg>
<arg>${element}</arg>
<doc>Click the element identified by ``locator``.</doc>
<status status="PASS" start="2025-01-07T12:12:26.120604" elapsed="0.118996"/>
</kw>
<arg>${HomePage['Footer']['ArrowButton_btn']}</arg>
<status status="PASS" start="2025-01-07T12:12:26.013082" elapsed="0.228914"/>
</kw>
<status status="PASS" start="2025-01-07T12:12:25.486118" elapsed="0.756896"/>
</kw>
<kw name="Then Verify success message 'You have been successfully subscribed!' is visible" owner="homePage">
<kw name="Key Verify Expected Text Is Visible" owner="CustomSeleniumLibrary">
<kw name="Wait Until Page Contains" owner="SeleniumLibrary">
<arg>${text}</arg>
<doc>Waits until ``text`` appears on the current page.</doc>
<status status="PASS" start="2025-01-07T12:12:26.245592" elapsed="0.020562"/>
</kw>
<kw name="Page Should Contain" owner="SeleniumLibrary">
<msg time="2025-01-07T12:12:26.284152" level="INFO">Current page contains text 'You have been successfully subscribed!'.</msg>
<arg>${text}</arg>
<doc>Verifies that current page contains ``text``.</doc>
<status status="PASS" start="2025-01-07T12:12:26.267157" elapsed="0.016995"/>
</kw>
<arg>You have been successfully subscribed!</arg>
<status status="PASS" start="2025-01-07T12:12:26.244827" elapsed="0.040846"/>
</kw>
<status status="PASS" start="2025-01-07T12:12:26.243616" elapsed="0.042057"/>
</kw>
<kw name="Close All Browsers" owner="SeleniumLibrary" type="TEARDOWN">
<doc>Closes all open browsers and resets the browser cache.</doc>
<status status="PASS" start="2025-01-07T12:12:26.286789" elapsed="2.362231"/>
</kw>
<tag>New</tag>
<status status="PASS" start="2025-01-07T12:12:14.390072" elapsed="14.260953"/>
</test>
<status status="PASS" start="2025-01-07T12:08:49.322737" elapsed="219.342136"/>
</suite>
<statistics>
<total>
<stat pass="11" fail="0" skip="0">All Tests</stat>
</total>
<tag>
<stat pass="1" fail="0" skip="0">Debug</stat>
<stat pass="4" fail="0" skip="0">New</stat>
</tag>
<suite>
<stat pass="11" fail="0" skip="0" id="s1" name="E2ETestCase">E2ETestCase</stat>
</suite>
</statistics>
<errors>
</errors>
</robot>
